"../../../Engine/Content/EditorResources/S_Actor.ubulk" 0
"../../../Engine/Content/EditorResources/S_Actor.uasset" 1
"../../../Engine/Content/EditorResources/S_Actor.uexp" 2
"../../../Engine/Content/EditorResources/S_BoxReflectionCapture.uasset" 3
"../../../Engine/Content/EditorResources/S_BoxReflectionCapture.uexp" 4
"../../../Engine/Content/EngineResources/DefaultTexture.ubulk" 5
"../../../Engine/Content/EngineResources/DefaultTexture.uasset" 6
"../../../Engine/Content/EngineResources/DefaultTexture.uexp" 7
"../../../Engine/Content/EngineResources/DefaultTextureCube.uasset" 8
"../../../Engine/Content/EngineResources/DefaultTextureCube.uexp" 9
"../../../Engine/Content/EngineResources/DefaultVolumeTexture2D.uasset" 10
"../../../Engine/Content/EngineResources/DefaultVolumeTexture2D.uexp" 11
"../../../Engine/Content/EngineResources/DefaultVolumeTexture.uasset" 12
"../../../Engine/Content/EngineResources/DefaultVolumeTexture.uexp" 13
"../../../Engine/Content/EditorResources/S_Trigger.ubulk" 14
"../../../Engine/Content/EditorResources/S_Trigger.uasset" 15
"../../../Engine/Content/EditorResources/S_Trigger.uexp" 16
"../../../Engine/Content/EditorResources/S_TriggerBox.uasset" 17
"../../../Engine/Content/EditorResources/S_TriggerBox.uexp" 18
"../../../Engine/Content/EditorResources/S_TriggerCapsule.uasset" 19
"../../../Engine/Content/EditorResources/S_TriggerCapsule.uexp" 20
"../../../Engine/Content/EditorResources/S_TriggerSphere.uasset" 21
"../../../Engine/Content/EditorResources/S_TriggerSphere.uexp" 22
"../../../Engine/Content/EngineMeshes/Sphere.ubulk" 23
"../../../Engine/Content/EngineMeshes/Sphere.uasset" 24
"../../../Engine/Content/EngineMeshes/Sphere.uexp" 25
"../../../Engine/Content/EngineResources/GradientTexture0.uasset" 26
"../../../Engine/Content/EngineResources/GradientTexture0.uexp" 27
"../../../Engine/Content/EngineResources/Black.uasset" 28
"../../../Engine/Content/EngineResources/Black.uexp" 29
"../../../Engine/Content/VREditor/LaserPointer/VR_LaserPower_01.ubulk" 30
"../../../Engine/Content/VREditor/LaserPointer/VR_LaserPower_01.uasset" 31
"../../../Engine/Content/VREditor/LaserPointer/VR_LaserPower_01.uexp" 32
"../../../Engine/Content/VREditor/TransformGizmo/TransformGizmoMaterial.uasset" 33
"../../../Engine/Content/VREditor/TransformGizmo/TransformGizmoMaterial.uexp" 34
"../../../Engine/Content/VREditor/TransformGizmo/TranslucentTransformGizmoMaterial.uasset" 35
"../../../Engine/Content/VREditor/TransformGizmo/TranslucentTransformGizmoMaterial.uexp" 36
"../../../Engine/Content/VREditor/TransformGizmo/PlaneTranslationHandle.ubulk" 37
"../../../Engine/Content/VREditor/TransformGizmo/PlaneTranslationHandle.uasset" 38
"../../../Engine/Content/VREditor/TransformGizmo/PlaneTranslationHandle.uexp" 39
"../../../Engine/Content/VREditor/TransformGizmo/BoundingBoxCorner.ubulk" 40
"../../../Engine/Content/VREditor/TransformGizmo/BoundingBoxCorner.uasset" 41
"../../../Engine/Content/VREditor/TransformGizmo/BoundingBoxCorner.uexp" 42
"../../../Engine/Content/VREditor/TransformGizmo/BoundingBoxEdge.ubulk" 43
"../../../Engine/Content/VREditor/TransformGizmo/BoundingBoxEdge.uasset" 44
"../../../Engine/Content/VREditor/TransformGizmo/BoundingBoxEdge.uexp" 45
"../../../Engine/Content/VREditor/TransformGizmo/Main.uasset" 46
"../../../Engine/Content/VREditor/TransformGizmo/Main.uexp" 47
"../../../Engine/Content/VREditor/TransformGizmo/Xray.uasset" 48
"../../../Engine/Content/VREditor/TransformGizmo/Xray.uexp" 49
"../../../Engine/Content/VREditor/TransformGizmo/SM_Sequencer_Node.ubulk" 50
"../../../Engine/Content/VREditor/TransformGizmo/SM_Sequencer_Node.uasset" 51
"../../../Engine/Content/VREditor/TransformGizmo/SM_Sequencer_Node.uexp" 52
"../../../Engine/Content/EditorMaterials/Camera/CineMat.uasset" 53
"../../../Engine/Content/EditorMaterials/Camera/CineMat.uexp" 54
"../../../Engine/Content/EditorMaterials/Camera/MI_CineMat_Rig.uasset" 55
"../../../Engine/Content/EditorMaterials/Camera/MI_CineMat_Rig.uexp" 56
"../../../Engine/Content/EditorMeshes/Camera/SM_CraneRig_Base.ubulk" 57
"../../../Engine/Content/EditorMeshes/Camera/SM_CraneRig_Base.uasset" 58
"../../../Engine/Content/EditorMeshes/Camera/SM_CraneRig_Base.uexp" 59
"../../../Engine/Content/EditorMeshes/Camera/SM_CraneRig_Arm.ubulk" 60
"../../../Engine/Content/EditorMeshes/Camera/SM_CraneRig_Arm.uasset" 61
"../../../Engine/Content/EditorMeshes/Camera/SM_CraneRig_Arm.uexp" 62
"../../../Engine/Content/EditorMeshes/Camera/SM_CraneRig_Mount.ubulk" 63
"../../../Engine/Content/EditorMeshes/Camera/SM_CraneRig_Mount.uasset" 64
"../../../Engine/Content/EditorMeshes/Camera/SM_CraneRig_Mount.uexp" 65
"../../../Engine/Content/EditorMeshes/Camera/SM_CraneRig_Body.ubulk" 66
"../../../Engine/Content/EditorMeshes/Camera/SM_CraneRig_Body.uasset" 67
"../../../Engine/Content/EditorMeshes/Camera/SM_CraneRig_Body.uexp" 68
"../../../Engine/Content/EditorMeshes/Camera/SM_RailRig_Track.ubulk" 69
"../../../Engine/Content/EditorMeshes/Camera/SM_RailRig_Track.uasset" 70
"../../../Engine/Content/EditorMeshes/Camera/SM_RailRig_Track.uexp" 71
"../../../Engine/Content/EditorMeshes/Camera/SM_RailRig_Mount.ubulk" 72
"../../../Engine/Content/EditorMeshes/Camera/SM_RailRig_Mount.uasset" 73
"../../../Engine/Content/EditorMeshes/Camera/SM_RailRig_Mount.uexp" 74
"../../../Engine/Content/EngineMaterials/T_Default_Material_Grid_M.ubulk" 75
"../../../Engine/Content/EngineMaterials/T_Default_Material_Grid_M.uasset" 76
"../../../Engine/Content/EngineMaterials/T_Default_Material_Grid_M.uexp" 77
"../../../Engine/Content/EngineMaterials/T_Default_Material_Grid_N.ubulk" 78
"../../../Engine/Content/EngineMaterials/T_Default_Material_Grid_N.uasset" 79
"../../../Engine/Content/EngineMaterials/T_Default_Material_Grid_N.uexp" 80
"../../../Engine/Content/Functions/Engine_MaterialFunctions01/Opacity/CameraDepthFade.uasset" 81
"../../../Engine/Content/Functions/Engine_MaterialFunctions01/Opacity/CameraDepthFade.uexp" 82
"../../../Engine/Content/EngineMaterials/WorldGridMaterial.uasset" 83
"../../../Engine/Content/EngineMaterials/WorldGridMaterial.uexp" 84
"../../../Engine/Content/ArtTools/RenderToTexture/Meshes/S_1_Unit_Plane.ubulk" 85
"../../../Engine/Content/ArtTools/RenderToTexture/Meshes/S_1_Unit_Plane.uasset" 86
"../../../Engine/Content/ArtTools/RenderToTexture/Meshes/S_1_Unit_Plane.uexp" 87
"../../../Engine/Content/EditorMaterials/ParticleSystems/PSysThumbnail_NoImage.ubulk" 88
"../../../Engine/Content/EditorMaterials/ParticleSystems/PSysThumbnail_NoImage.uasset" 89
"../../../Engine/Content/EditorMaterials/ParticleSystems/PSysThumbnail_NoImage.uexp" 90
"../../../Engine/Content/EditorMaterials/ParticleSystems/PSysThumbnail_OOD.ubulk" 91
"../../../Engine/Content/EditorMaterials/ParticleSystems/PSysThumbnail_OOD.uasset" 92
"../../../Engine/Content/EditorMaterials/ParticleSystems/PSysThumbnail_OOD.uexp" 93
"../../../Engine/Content/EditorLandscapeResources/SplineEditorMeshMat.uasset" 94
"../../../Engine/Content/EditorLandscapeResources/SplineEditorMeshMat.uexp" 95
"../../../Engine/Content/EditorLandscapeResources/SplineEditorMesh.ubulk" 96
"../../../Engine/Content/EditorLandscapeResources/SplineEditorMesh.uasset" 97
"../../../Engine/Content/EditorLandscapeResources/SplineEditorMesh.uexp" 98
"../../../Engine/Content/EditorMeshes/EditorSphere.ubulk" 99
"../../../Engine/Content/EditorMeshes/EditorSphere.uasset" 100
"../../../Engine/Content/EditorMeshes/EditorSphere.uexp" 101
"../../../Engine/Content/EditorResources/S_Solver.ubulk" 102
"../../../Engine/Content/EditorResources/S_Solver.uasset" 103
"../../../Engine/Content/EditorResources/S_Solver.uexp" 104
"../../../Engine/Plugins/Media/MediaPlate/Content/SM_MediaPlateScreen.ubulk" 105
"../../../Engine/Plugins/Media/MediaPlate/Content/SM_MediaPlateScreen.uasset" 106
"../../../Engine/Plugins/Media/MediaPlate/Content/SM_MediaPlateScreen.uexp" 107
"../../../Engine/Content/EngineMaterials/Good64x64TilingNoiseHighFreq.uasset" 108
"../../../Engine/Content/EngineMaterials/Good64x64TilingNoiseHighFreq.uexp" 109
"../../../Engine/Content/EngineMaterials/DefaultBokeh.uasset" 110
"../../../Engine/Content/EngineMaterials/DefaultBokeh.uexp" 111
"../../../Engine/Content/EngineMaterials/PreintegratedSkinBRDF.uasset" 112
"../../../Engine/Content/EngineMaterials/PreintegratedSkinBRDF.uexp" 113
"../../../Engine/Content/EngineMaterials/MiniFont.uasset" 114
"../../../Engine/Content/EngineMaterials/MiniFont.uexp" 115
"../../../Engine/Content/EngineMaterials/WeightMapPlaceholderTexture.uasset" 116
"../../../Engine/Content/EngineMaterials/WeightMapPlaceholderTexture.uexp" 117
"../../../Engine/Content/EngineMaterials/DefaultWhiteGrid.ubulk" 118
"../../../Engine/Content/EngineMaterials/DefaultWhiteGrid.uasset" 119
"../../../Engine/Content/EngineMaterials/DefaultWhiteGrid.uexp" 120
"D:/learning/ue5/MyProject/Content/FirstPerson/Input/Actions/IA_Shoot.uasset" 121
"D:/learning/ue5/MyProject/Content/FirstPerson/Input/Actions/IA_Shoot.uexp" 122
"D:/learning/ue5/MyProject/Content/FirstPerson/Input/IMC_Weapons.uasset" 123
"D:/learning/ue5/MyProject/Content/FirstPerson/Input/IMC_Weapons.uexp" 124
"D:/learning/ue5/MyProject/Content/FPWeapon/Mesh/SK_FPGun_Skeleton.uasset" 125
"D:/learning/ue5/MyProject/Content/FPWeapon/Mesh/SK_FPGun_Skeleton.uexp" 126
"D:/learning/ue5/MyProject/Content/FPWeapon/Materials/MaterialLayers/T_ML_Rubber_Blue_01_D.ubulk" 127
"D:/learning/ue5/MyProject/Content/FPWeapon/Materials/MaterialLayers/T_ML_Rubber_Blue_01_D.uasset" 128
"D:/learning/ue5/MyProject/Content/FPWeapon/Materials/MaterialLayers/T_ML_Rubber_Blue_01_D.uexp" 129
"D:/learning/ue5/MyProject/Content/FPWeapon/Textures/T_FPGun_N.ubulk" 130
"D:/learning/ue5/MyProject/Content/FPWeapon/Textures/T_FPGun_N.uasset" 131
"D:/learning/ue5/MyProject/Content/FPWeapon/Textures/T_FPGun_N.uexp" 132
"../../../Engine/Content/Functions/Engine_MaterialFunctions02/Utility/BlendAngleCorrectedNormals.uasset" 133
"../../../Engine/Content/Functions/Engine_MaterialFunctions02/Utility/BlendAngleCorrectedNormals.uexp" 134
"../../../Engine/Content/Functions/MaterialLayerFunctions/MatLayerBlend_NormalBlend.uasset" 135
"../../../Engine/Content/Functions/MaterialLayerFunctions/MatLayerBlend_NormalBlend.uexp" 136
"D:/learning/ue5/MyProject/Content/FPWeapon/Materials/MaterialLayers/T_ML_Rubber_Blue_01_N.ubulk" 137
"D:/learning/ue5/MyProject/Content/FPWeapon/Materials/MaterialLayers/T_ML_Rubber_Blue_01_N.uasset" 138
"D:/learning/ue5/MyProject/Content/FPWeapon/Materials/MaterialLayers/T_ML_Rubber_Blue_01_N.uexp" 139
"D:/learning/ue5/MyProject/Content/FPWeapon/Materials/MaterialLayers/ML_Screen.uasset" 140
"D:/learning/ue5/MyProject/Content/FPWeapon/Materials/MaterialLayers/ML_Screen.uexp" 141
"D:/learning/ue5/MyProject/Content/FPWeapon/Materials/MaterialLayers/T_ML_Aluminum01_N.ubulk" 142
"D:/learning/ue5/MyProject/Content/FPWeapon/Materials/MaterialLayers/T_ML_Aluminum01_N.uasset" 143
"D:/learning/ue5/MyProject/Content/FPWeapon/Materials/MaterialLayers/T_ML_Aluminum01_N.uexp" 144
"D:/learning/ue5/MyProject/Content/FPWeapon/Materials/MaterialLayers/T_ML_Aluminum01.ubulk" 145
"D:/learning/ue5/MyProject/Content/FPWeapon/Materials/MaterialLayers/T_ML_Aluminum01.uasset" 146
"D:/learning/ue5/MyProject/Content/FPWeapon/Materials/MaterialLayers/T_ML_Aluminum01.uexp" 147
"D:/learning/ue5/MyProject/Content/FPWeapon/Materials/MaterialLayers/ML_SoftMetal_UE4.uasset" 148
"D:/learning/ue5/MyProject/Content/FPWeapon/Materials/MaterialLayers/ML_SoftMetal_UE4.uexp" 149
"../../../Engine/Content/Functions/MaterialLayerFunctions/MatLayerBlend_Simple.uasset" 150
"../../../Engine/Content/Functions/MaterialLayerFunctions/MatLayerBlend_Simple.uexp" 151
"D:/learning/ue5/MyProject/Content/FPWeapon/Textures/T_FPGun_M.ubulk" 152
"D:/learning/ue5/MyProject/Content/FPWeapon/Textures/T_FPGun_M.uasset" 153
"D:/learning/ue5/MyProject/Content/FPWeapon/Textures/T_FPGun_M.uexp" 154
"D:/learning/ue5/MyProject/Content/FPWeapon/Materials/MaterialLayers/ML_Plastic_Shiny_Beige.uasset" 155
"D:/learning/ue5/MyProject/Content/FPWeapon/Materials/MaterialLayers/ML_Plastic_Shiny_Beige.uexp" 156
"D:/learning/ue5/MyProject/Content/FPWeapon/Materials/MaterialLayers/ML_GlossyBlack_Latex_UE4.uasset" 157
"D:/learning/ue5/MyProject/Content/FPWeapon/Materials/MaterialLayers/ML_GlossyBlack_Latex_UE4.uexp" 158
"D:/learning/ue5/MyProject/Content/FPWeapon/Materials/M_FPGun.uasset" 159
"D:/learning/ue5/MyProject/Content/FPWeapon/Materials/M_FPGun.uexp" 160
"D:/learning/ue5/MyProject/Content/FPWeapon/Mesh/SK_FPGun_Physics.uasset" 161
"D:/learning/ue5/MyProject/Content/FPWeapon/Mesh/SK_FPGun_Physics.uexp" 162
"D:/learning/ue5/MyProject/Content/FPWeapon/Mesh/SK_FPGun.uasset" 163
"D:/learning/ue5/MyProject/Content/FPWeapon/Mesh/SK_FPGun.uexp" 164
"D:/learning/ue5/MyProject/Content/FPWeapon/Audio/FirstPersonTemplateWeaponFire02.ubulk" 165
"D:/learning/ue5/MyProject/Content/FPWeapon/Audio/FirstPersonTemplateWeaponFire02.uasset" 166
"D:/learning/ue5/MyProject/Content/FPWeapon/Audio/FirstPersonTemplateWeaponFire02.uexp" 167
"D:/learning/ue5/MyProject/Content/FPWeapon/Materials/BaseMaterial.uasset" 168
"D:/learning/ue5/MyProject/Content/FPWeapon/Materials/BaseMaterial.uexp" 169
"D:/learning/ue5/MyProject/Content/FPWeapon/Materials/FirstPersonProjectileMaterial.uasset" 170
"D:/learning/ue5/MyProject/Content/FPWeapon/Materials/FirstPersonProjectileMaterial.uexp" 171
"D:/learning/ue5/MyProject/Content/FPWeapon/Mesh/FirstPersonProjectileMesh.ubulk" 172
"D:/learning/ue5/MyProject/Content/FPWeapon/Mesh/FirstPersonProjectileMesh.uasset" 173
"D:/learning/ue5/MyProject/Content/FPWeapon/Mesh/FirstPersonProjectileMesh.uexp" 174
"D:/learning/ue5/MyProject/Content/FirstPerson/Blueprints/BP_FirstPersonProjectile.uasset" 175
"D:/learning/ue5/MyProject/Content/FirstPerson/Blueprints/BP_FirstPersonProjectile.uexp" 176
"../../../Engine/Content/Animation/DefaultAnimCurveCompressionSettings.uasset" 177
"../../../Engine/Content/Animation/DefaultAnimCurveCompressionSettings.uexp" 178
"../../../Engine/Content/Animation/DefaultAnimBoneCompressionSettings.uasset" 179
"../../../Engine/Content/Animation/DefaultAnimBoneCompressionSettings.uexp" 180
"D:/learning/ue5/MyProject/Content/FirstPersonArms/Character/Mesh/SK_Mannequin_Arms_Skeleton.uasset" 181
"D:/learning/ue5/MyProject/Content/FirstPersonArms/Character/Mesh/SK_Mannequin_Arms_Skeleton.uexp" 182
"D:/learning/ue5/MyProject/Content/FirstPersonArms/Animations/FP_Rifle_Fire.uasset" 183
"D:/learning/ue5/MyProject/Content/FirstPersonArms/Animations/FP_Rifle_Fire.uexp" 184
"D:/learning/ue5/MyProject/Content/FirstPersonArms/Animations/FP_Rifle_Shoot_Montage.uasset" 185
"D:/learning/ue5/MyProject/Content/FirstPersonArms/Animations/FP_Rifle_Shoot_Montage.uexp" 186
"../../../Engine/Content/EditorBlueprintResources/StandardMacros.uasset" 187
"../../../Engine/Content/EditorBlueprintResources/StandardMacros.uexp" 188
"D:/learning/ue5/MyProject/Content/FirstPerson/Input/Actions/IA_Look.uasset" 189
"D:/learning/ue5/MyProject/Content/FirstPerson/Input/Actions/IA_Look.uexp" 190
"D:/learning/ue5/MyProject/Content/FirstPersonArms/Character/Materials/MaterialLayers/T_ML_Rubber_Blue_01_N.ubulk" 191
"D:/learning/ue5/MyProject/Content/FirstPersonArms/Character/Materials/MaterialLayers/T_ML_Rubber_Blue_01_N.uasset" 192
"D:/learning/ue5/MyProject/Content/FirstPersonArms/Character/Materials/MaterialLayers/T_ML_Rubber_Blue_01_N.uexp" 193
"D:/learning/ue5/MyProject/Content/FirstPersonArms/Character/Materials/MaterialLayers/T_ML_Rubber_Blue_01_D.ubulk" 194
"D:/learning/ue5/MyProject/Content/FirstPersonArms/Character/Materials/MaterialLayers/T_ML_Rubber_Blue_01_D.uasset" 195
"D:/learning/ue5/MyProject/Content/FirstPersonArms/Character/Materials/MaterialLayers/T_ML_Rubber_Blue_01_D.uexp" 196
"D:/learning/ue5/MyProject/Content/FirstPersonArms/Character/Materials/MaterialLayers/ML_GlossyBlack_Latex_UE4.uasset" 197
"D:/learning/ue5/MyProject/Content/FirstPersonArms/Character/Materials/MaterialLayers/ML_GlossyBlack_Latex_UE4.uexp" 198
"D:/learning/ue5/MyProject/Content/FirstPersonArms/Character/Textures/UE4_Mannequin_MAT_MASKA.ubulk" 199
"D:/learning/ue5/MyProject/Content/FirstPersonArms/Character/Textures/UE4_Mannequin_MAT_MASKA.uasset" 200
"D:/learning/ue5/MyProject/Content/FirstPersonArms/Character/Textures/UE4_Mannequin_MAT_MASKA.uexp" 201
"D:/learning/ue5/MyProject/Content/FirstPersonArms/Character/Textures/UE4_LOGO_CARD.ubulk" 202
"D:/learning/ue5/MyProject/Content/FirstPersonArms/Character/Textures/UE4_LOGO_CARD.uasset" 203
"D:/learning/ue5/MyProject/Content/FirstPersonArms/Character/Textures/UE4_LOGO_CARD.uexp" 204
"D:/learning/ue5/MyProject/Content/FirstPersonArms/Character/Materials/MaterialLayers/ML_Plastic_Shiny_Beige_LOGO.uasset" 205
"D:/learning/ue5/MyProject/Content/FirstPersonArms/Character/Materials/MaterialLayers/ML_Plastic_Shiny_Beige_LOGO.uexp" 206
"D:/learning/ue5/MyProject/Content/FirstPersonArms/Character/Materials/MaterialLayers/T_ML_Aluminum01.ubulk" 207
"D:/learning/ue5/MyProject/Content/FirstPersonArms/Character/Materials/MaterialLayers/T_ML_Aluminum01.uasset" 208
"D:/learning/ue5/MyProject/Content/FirstPersonArms/Character/Materials/MaterialLayers/T_ML_Aluminum01.uexp" 209
"D:/learning/ue5/MyProject/Content/FirstPersonArms/Character/Materials/MaterialLayers/T_ML_Aluminum01_N.ubulk" 210
"D:/learning/ue5/MyProject/Content/FirstPersonArms/Character/Materials/MaterialLayers/T_ML_Aluminum01_N.uasset" 211
"D:/learning/ue5/MyProject/Content/FirstPersonArms/Character/Materials/MaterialLayers/T_ML_Aluminum01_N.uexp" 212
"D:/learning/ue5/MyProject/Content/FirstPersonArms/Character/Materials/MaterialLayers/ML_SoftMetal_UE4.uasset" 213
"D:/learning/ue5/MyProject/Content/FirstPersonArms/Character/Materials/MaterialLayers/ML_SoftMetal_UE4.uexp" 214
"D:/learning/ue5/MyProject/Content/FirstPersonArms/Character/Materials/MaterialLayers/ML_Plastic_Shiny_Beige.uasset" 215
"D:/learning/ue5/MyProject/Content/FirstPersonArms/Character/Materials/MaterialLayers/ML_Plastic_Shiny_Beige.uexp" 216
"D:/learning/ue5/MyProject/Content/FirstPersonArms/Character/Textures/UE4_Mannequin__normals.ubulk" 217
"D:/learning/ue5/MyProject/Content/FirstPersonArms/Character/Textures/UE4_Mannequin__normals.uasset" 218
"D:/learning/ue5/MyProject/Content/FirstPersonArms/Character/Textures/UE4_Mannequin__normals.uexp" 219
"D:/learning/ue5/MyProject/Content/FirstPersonArms/Character/Materials/M_UE4Man_Body.uasset" 220
"D:/learning/ue5/MyProject/Content/FirstPersonArms/Character/Materials/M_UE4Man_Body.uexp" 221
"D:/learning/ue5/MyProject/Content/FirstPersonArms/Character/Mesh/SK_Mannequin_Arms_PhysicsAsset.uasset" 222
"D:/learning/ue5/MyProject/Content/FirstPersonArms/Character/Mesh/SK_Mannequin_Arms_PhysicsAsset.uexp" 223
"D:/learning/ue5/MyProject/Content/FirstPersonArms/Character/Mesh/SK_Mannequin_Arms.uasset" 224
"D:/learning/ue5/MyProject/Content/FirstPersonArms/Character/Mesh/SK_Mannequin_Arms.uexp" 225
"D:/learning/ue5/MyProject/Content/FirstPerson/Input/Actions/IA_Move.uasset" 226
"D:/learning/ue5/MyProject/Content/FirstPerson/Input/Actions/IA_Move.uexp" 227
"D:/learning/ue5/MyProject/Content/FirstPerson/Input/Actions/IA_Jump.uasset" 228
"D:/learning/ue5/MyProject/Content/FirstPerson/Input/Actions/IA_Jump.uexp" 229
"D:/learning/ue5/MyProject/Content/FirstPerson/Input/IMC_Default.uasset" 230
"D:/learning/ue5/MyProject/Content/FirstPerson/Input/IMC_Default.uexp" 231
"D:/learning/ue5/MyProject/Content/FirstPersonArms/Animations/FP_Rifle_Idle.uasset" 232
"D:/learning/ue5/MyProject/Content/FirstPersonArms/Animations/FP_Rifle_Idle.uexp" 233
"D:/learning/ue5/MyProject/Content/FirstPersonArms/Animations/FP_Rifle_Land.uasset" 234
"D:/learning/ue5/MyProject/Content/FirstPersonArms/Animations/FP_Rifle_Land.uexp" 235
"D:/learning/ue5/MyProject/Content/FirstPersonArms/Animations/FP_Rifle_Run.uasset" 236
"D:/learning/ue5/MyProject/Content/FirstPersonArms/Animations/FP_Rifle_Run.uexp" 237
"D:/learning/ue5/MyProject/Content/FirstPersonArms/Animations/FP_Rifle_Falling.uasset" 238
"D:/learning/ue5/MyProject/Content/FirstPersonArms/Animations/FP_Rifle_Falling.uexp" 239
"../../../Engine/Content/Animation/DefaultRecorderBoneCompression.uasset" 240
"../../../Engine/Content/Animation/DefaultRecorderBoneCompression.uexp" 241
"D:/learning/ue5/MyProject/Content/FirstPersonArms/Animations/FP_Idle.uasset" 242
"D:/learning/ue5/MyProject/Content/FirstPersonArms/Animations/FP_Idle.uexp" 243
"D:/learning/ue5/MyProject/Content/FirstPersonArms/Animations/FP_Jump.uasset" 244
"D:/learning/ue5/MyProject/Content/FirstPersonArms/Animations/FP_Jump.uexp" 245
"D:/learning/ue5/MyProject/Content/FirstPersonArms/Animations/FP_Run_Fwd.uasset" 246
"D:/learning/ue5/MyProject/Content/FirstPersonArms/Animations/FP_Run_Fwd.uexp" 247
"D:/learning/ue5/MyProject/Content/FirstPersonArms/Animations/FP_Land.uasset" 248
"D:/learning/ue5/MyProject/Content/FirstPersonArms/Animations/FP_Land.uexp" 249
"D:/learning/ue5/MyProject/Content/FirstPersonArms/Animations/FP_Falling.uasset" 250
"D:/learning/ue5/MyProject/Content/FirstPersonArms/Animations/FP_Falling.uexp" 251
"D:/learning/ue5/MyProject/Content/FirstPersonArms/Animations/FP_Rifle_Jump.uasset" 252
"D:/learning/ue5/MyProject/Content/FirstPersonArms/Animations/FP_Rifle_Jump.uexp" 253
"D:/learning/ue5/MyProject/Content/FirstPersonArms/Animations/FirstPerson_AnimBP.uasset" 254
"D:/learning/ue5/MyProject/Content/FirstPersonArms/Animations/FirstPerson_AnimBP.uexp" 255
"D:/learning/ue5/MyProject/Content/FirstPerson/Blueprints/BP_FirstPersonCharacter.uasset" 256
"D:/learning/ue5/MyProject/Content/FirstPerson/Blueprints/BP_FirstPersonCharacter.uexp" 257
"D:/learning/ue5/MyProject/Content/FirstPerson/Blueprints/BP_Weapon_Component.uasset" 258
"D:/learning/ue5/MyProject/Content/FirstPerson/Blueprints/BP_Weapon_Component.uexp" 259
"D:/learning/ue5/MyProject/Content/FirstPerson/Blueprints/BP_Pickup_Rifle.uasset" 260
"D:/learning/ue5/MyProject/Content/FirstPerson/Blueprints/BP_Pickup_Rifle.uexp" 261
"D:/learning/ue5/MyProject/Content/LevelPrototyping/Textures/T_GridChecker_A.ubulk" 262
"D:/learning/ue5/MyProject/Content/LevelPrototyping/Textures/T_GridChecker_A.uasset" 263
"D:/learning/ue5/MyProject/Content/LevelPrototyping/Textures/T_GridChecker_A.uexp" 264
"../../../Engine/Content/Functions/Engine_MaterialFunctions02/Utility/MakeFloat3.uasset" 265
"../../../Engine/Content/Functions/Engine_MaterialFunctions02/Utility/MakeFloat3.uexp" 266
"../../../Engine/Content/Functions/Engine_MaterialFunctions01/Gradient/LinearGradient.uasset" 267
"../../../Engine/Content/Functions/Engine_MaterialFunctions01/Gradient/LinearGradient.uexp" 268
"../../../Engine/Content/Functions/Engine_MaterialFunctions01/ImageAdjustment/CheapContrast.uasset" 269
"../../../Engine/Content/Functions/Engine_MaterialFunctions01/ImageAdjustment/CheapContrast.uexp" 270
"../../../Engine/Content/Functions/Engine_MaterialFunctions02/Utility/BreakOutFloat3Components.uasset" 271
"../../../Engine/Content/Functions/Engine_MaterialFunctions02/Utility/BreakOutFloat3Components.uexp" 272
"D:/learning/ue5/MyProject/Content/LevelPrototyping/Materials/MF_ProcGrid.uasset" 273
"D:/learning/ue5/MyProject/Content/LevelPrototyping/Materials/MF_ProcGrid.uexp" 274
"D:/learning/ue5/MyProject/Content/LevelPrototyping/Materials/M_PrototypeGrid.uasset" 275
"D:/learning/ue5/MyProject/Content/LevelPrototyping/Materials/M_PrototypeGrid.uexp" 276
"D:/learning/ue5/MyProject/Content/LevelPrototyping/Materials/MI_PrototypeGrid_TopDark.uasset" 277
"D:/learning/ue5/MyProject/Content/LevelPrototyping/Materials/MI_PrototypeGrid_TopDark.uexp" 278
"D:/learning/ue5/MyProject/Content/LevelPrototyping/Materials/MI_PrototypeGrid_Gray.uasset" 279
"D:/learning/ue5/MyProject/Content/LevelPrototyping/Materials/MI_PrototypeGrid_Gray.uexp" 280
"D:/learning/ue5/MyProject/Content/LevelPrototyping/Meshes/SM_Ramp.ubulk" 281
"D:/learning/ue5/MyProject/Content/LevelPrototyping/Meshes/SM_Ramp.uasset" 282
"D:/learning/ue5/MyProject/Content/LevelPrototyping/Meshes/SM_Ramp.uexp" 283
"D:/learning/ue5/MyProject/Content/LevelPrototyping/Meshes/SM_QuarterCylinder.ubulk" 284
"D:/learning/ue5/MyProject/Content/LevelPrototyping/Meshes/SM_QuarterCylinder.uasset" 285
"D:/learning/ue5/MyProject/Content/LevelPrototyping/Meshes/SM_QuarterCylinder.uexp" 286
"D:/learning/ue5/MyProject/Content/LevelPrototyping/Meshes/SM_Cube.ubulk" 287
"D:/learning/ue5/MyProject/Content/LevelPrototyping/Meshes/SM_Cube.uasset" 288
"D:/learning/ue5/MyProject/Content/LevelPrototyping/Meshes/SM_Cube.uexp" 289
"D:/learning/ue5/MyProject/Content/LevelPrototyping/Materials/M_Solid.uasset" 290
"D:/learning/ue5/MyProject/Content/LevelPrototyping/Materials/M_Solid.uexp" 291
"D:/learning/ue5/MyProject/Content/LevelPrototyping/Materials/MI_Solid_Blue.uasset" 292
"D:/learning/ue5/MyProject/Content/LevelPrototyping/Materials/MI_Solid_Blue.uexp" 293
"D:/learning/ue5/MyProject/Content/LevelPrototyping/Meshes/SM_ChamferCube.ubulk" 294
"D:/learning/ue5/MyProject/Content/LevelPrototyping/Meshes/SM_ChamferCube.uasset" 295
"D:/learning/ue5/MyProject/Content/LevelPrototyping/Meshes/SM_ChamferCube.uexp" 296
"../../../Engine/Content/EngineMaterials/DefaultMaterial.uasset" 297
"../../../Engine/Content/EngineMaterials/DefaultMaterial.uexp" 298
"../../../Engine/Content/BasicShapes/Sphere.ubulk" 299
"../../../Engine/Content/BasicShapes/Sphere.uasset" 300
"../../../Engine/Content/BasicShapes/Sphere.uexp" 301
"../../../Engine/Content/BasicShapes/Plane.ubulk" 302
"../../../Engine/Content/BasicShapes/Plane.uasset" 303
"../../../Engine/Content/BasicShapes/Plane.uexp" 304
"../../../Engine/Content/BasicShapes/Cylinder.ubulk" 305
"../../../Engine/Content/BasicShapes/Cylinder.uasset" 306
"../../../Engine/Content/BasicShapes/Cylinder.uexp" 307
"../../../Engine/Content/BasicShapes/Cube.ubulk" 308
"../../../Engine/Content/BasicShapes/Cube.uasset" 309
"../../../Engine/Content/BasicShapes/Cube.uexp" 310
"../../../Engine/Content/BasicShapes/Cone.ubulk" 311
"../../../Engine/Content/BasicShapes/Cone.uasset" 312
"../../../Engine/Content/BasicShapes/Cone.uexp" 313
"../../../Engine/Content/EditorLandscapeResources/DefaultAlphaTexture.uasset" 314
"../../../Engine/Content/EditorLandscapeResources/DefaultAlphaTexture.uexp" 315
"../../../Engine/Content/EditorLandscapeResources/DataLayer.uasset" 316
"../../../Engine/Content/EditorLandscapeResources/DataLayer.uexp" 317
"../../../Engine/Content/EditorMaterials/PreviewShadowIndicator.ubulk" 318
"../../../Engine/Content/EditorMaterials/PreviewShadowIndicator.uasset" 319
"../../../Engine/Content/EditorMaterials/PreviewShadowIndicator.uexp" 320
"../../../Engine/Content/EditorMaterials/PreviewShadowIndicatorMaterial.uasset" 321
"../../../Engine/Content/EditorMaterials/PreviewShadowIndicatorMaterial.uexp" 322
"../../../Engine/Content/EditorMaterials/PhAT_UnselectedMaterial.uasset" 323
"../../../Engine/Content/EditorMaterials/PhAT_UnselectedMaterial.uexp" 324
"../../../Engine/Content/EditorMaterials/PhAT_NoCollisionMaterial.uasset" 325
"../../../Engine/Content/EditorMaterials/PhAT_NoCollisionMaterial.uexp" 326
"../../../Engine/Content/Functions/Engine_MaterialFunctions02/Utility/MakeFloat4.uasset" 327
"../../../Engine/Content/Functions/Engine_MaterialFunctions02/Utility/MakeFloat4.uexp" 328
"../../../Engine/Content/EditorMaterials/WorldPartition/WorldPartitionSpatialHashGridPreviewMaterial.uasset" 329
"../../../Engine/Content/EditorMaterials/WorldPartition/WorldPartitionSpatialHashGridPreviewMaterial.uexp" 330
"../../../Engine/Plugins/Media/PixelStreaming/Content/TextEditBeamTexture.uasset" 331
"../../../Engine/Plugins/Media/PixelStreaming/Content/TextEditBeamTexture.uexp" 332
"../../../Engine/Plugins/Media/PixelStreaming/Content/TextEditBeamCursor.uasset" 333
"../../../Engine/Plugins/Media/PixelStreaming/Content/TextEditBeamCursor.uexp" 334
"../../../Engine/Content/EngineResources/Cursors/Arrow.uasset" 335
"../../../Engine/Content/EngineResources/Cursors/Arrow.uexp" 336
"../../../Engine/Plugins/Media/PixelStreaming/Content/DefaultCursor.uasset" 337
"../../../Engine/Plugins/Media/PixelStreaming/Content/DefaultCursor.uexp" 338
"../../../Engine/Plugins/Media/PixelStreaming/Content/HiddenCursor.uasset" 339
"../../../Engine/Plugins/Media/PixelStreaming/Content/HiddenCursor.uexp" 340
"../../../Engine/Content/EditorResources/S_Terrain.ubulk" 341
"../../../Engine/Content/EditorResources/S_Terrain.uasset" 342
"../../../Engine/Content/EditorResources/S_Terrain.uexp" 343
"../../../Engine/Content/EditorResources/EmptyActor.uasset" 344
"../../../Engine/Content/EditorResources/EmptyActor.uexp" 345
"../../../Engine/Content/EditorResources/BSPVertex.uasset" 346
"../../../Engine/Content/EditorResources/BSPVertex.uexp" 347
"../../../Engine/Content/EditorResources/SequenceRecorder/RecordingIndicator.uasset" 348
"../../../Engine/Content/EditorResources/SequenceRecorder/RecordingIndicator.uexp" 349
"../../../Engine/Content/EditorResources/SequenceRecorder/Countdown.uasset" 350
"../../../Engine/Content/EditorResources/SequenceRecorder/Countdown.uexp" 351
"../../../Engine/Content/EngineDamageTypes/DmgTypeBP_Environmental.uasset" 352
"../../../Engine/Content/EngineDamageTypes/DmgTypeBP_Environmental.uexp" 353
"../../../Engine/Content/Functions/Engine_MaterialFunctions02/Utility/CameraDirectionVector.uasset" 354
"../../../Engine/Content/Functions/Engine_MaterialFunctions02/Utility/CameraDirectionVector.uexp" 355
"../../../Engine/Content/EngineDebugMaterials/VolumeToRender.uasset" 356
"../../../Engine/Content/EngineDebugMaterials/VolumeToRender.uexp" 357
"../../../Engine/Content/EngineDebugMaterials/M_VolumeRenderSphereTracePP.uasset" 358
"../../../Engine/Content/EngineDebugMaterials/M_VolumeRenderSphereTracePP.uexp" 359
"../../../Engine/Content/EngineDebugMaterials/M_SimpleUnlitTranslucent.uasset" 360
"../../../Engine/Content/EngineDebugMaterials/M_SimpleUnlitTranslucent.uexp" 361
"../../../Engine/Content/EngineDebugMaterials/DebugMeshMaterial.uasset" 362
"../../../Engine/Content/EngineDebugMaterials/DebugMeshMaterial.uexp" 363
"../../../Engine/Content/EngineDebugMaterials/DebugEditorMaterial.uasset" 364
"../../../Engine/Content/EngineDebugMaterials/DebugEditorMaterial.uexp" 365
"../../../Engine/Content/EngineFonts/Faces/RobotoLight.uexp" 366
"../../../Engine/Content/EngineFonts/Faces/RobotoLight.uasset" 367
"../../../Engine/Content/EngineFonts/Faces/RobotoLight.ufont" 368
"../../../Engine/Content/EngineFonts/Faces/RobotoBold.uexp" 369
"../../../Engine/Content/EngineFonts/Faces/RobotoBold.uasset" 370
"../../../Engine/Content/EngineFonts/Faces/RobotoBold.ufont" 371
"../../../Engine/Content/EngineFonts/Faces/RobotoRegular.uexp" 372
"../../../Engine/Content/EngineFonts/Faces/RobotoRegular.uasset" 373
"../../../Engine/Content/EngineFonts/Faces/RobotoRegular.ufont" 374
"../../../Engine/Content/EngineFonts/Faces/DroidSansFallback.uexp" 375
"../../../Engine/Content/EngineFonts/Faces/DroidSansFallback.uasset" 376
"../../../Engine/Content/EngineFonts/Faces/DroidSansFallback.ufont" 377
"../../../Engine/Content/EngineFonts/Faces/RobotoItalic.uexp" 378
"../../../Engine/Content/EngineFonts/Faces/RobotoItalic.uasset" 379
"../../../Engine/Content/EngineFonts/Faces/RobotoItalic.ufont" 380
"../../../Engine/Content/EngineFonts/Faces/RobotoBoldItalic.uexp" 381
"../../../Engine/Content/EngineFonts/Faces/RobotoBoldItalic.uasset" 382
"../../../Engine/Content/EngineFonts/Faces/RobotoBoldItalic.ufont" 383
"../../../Engine/Content/EngineFonts/Roboto.uasset" 384
"../../../Engine/Content/EngineFonts/Roboto.uexp" 385
"../../../Engine/Content/EngineResources/WhiteSquareTexture.uasset" 386
"../../../Engine/Content/EngineResources/WhiteSquareTexture.uexp" 387
"../../../Engine/Content/EngineMaterials/Widget3DPassThrough.uasset" 388
"../../../Engine/Content/EngineMaterials/Widget3DPassThrough.uexp" 389
"../../../Engine/Content/EngineMaterials/Widget3DPassThrough_Translucent.uasset" 390
"../../../Engine/Content/EngineMaterials/Widget3DPassThrough_Translucent.uexp" 391
"../../../Engine/Content/EngineMaterials/Widget3DPassThrough_Translucent_OneSided.uasset" 392
"../../../Engine/Content/EngineMaterials/Widget3DPassThrough_Translucent_OneSided.uexp" 393
"../../../Engine/Content/EngineMaterials/Widget3DPassThrough_Opaque.uasset" 394
"../../../Engine/Content/EngineMaterials/Widget3DPassThrough_Opaque.uexp" 395
"../../../Engine/Content/EngineMaterials/Widget3DPassThrough_Opaque_OneSided.uasset" 396
"../../../Engine/Content/EngineMaterials/Widget3DPassThrough_Opaque_OneSided.uexp" 397
"../../../Engine/Content/EngineMaterials/Widget3DPassThrough_Masked_OneSided.uasset" 398
"../../../Engine/Content/EngineMaterials/Widget3DPassThrough_Masked_OneSided.uexp" 399
"../../../Engine/Content/EngineMaterials/Widget3DPassThrough_Masked.uasset" 400
"../../../Engine/Content/EngineMaterials/Widget3DPassThrough_Masked.uexp" 401
"../../../Engine/Plugins/Interchange/Runtime/Content/gltf/Textures/T_Black_srgb.uasset" 402
"../../../Engine/Plugins/Interchange/Runtime/Content/gltf/Textures/T_Black_srgb.uexp" 403
"../../../Engine/Plugins/Runtime/MeshModelingToolset/Content/Materials/M_DynamicMeshComponentVtxColor.uasset" 404
"../../../Engine/Plugins/Runtime/MeshModelingToolset/Content/Materials/M_DynamicMeshComponentVtxColor.uexp" 405
"../../../Engine/Content/EngineMaterials/STBlueNoise_vec2_128x128x64.uasset" 406
"../../../Engine/Content/EngineMaterials/STBlueNoise_vec2_128x128x64.uexp" 407
"../../../Engine/Content/EngineMaterials/STBlueNoise_scalar_128x128x64.uasset" 408
"../../../Engine/Content/EngineMaterials/STBlueNoise_scalar_128x128x64.uexp" 409
"../../../Engine/Content/EngineMaterials/RemoveSurfaceMaterial.uasset" 410
"../../../Engine/Content/EngineMaterials/RemoveSurfaceMaterial.uexp" 411
"../../../Engine/Content/EngineMaterials/DefaultNormal.ubulk" 412
"../../../Engine/Content/EngineMaterials/DefaultNormal.uasset" 413
"../../../Engine/Content/EngineMaterials/DefaultNormal.uexp" 414
"../../../Engine/Plugins/Interchange/Runtime/Content/Materials/MapOrScalarFunction.uasset" 415
"../../../Engine/Plugins/Interchange/Runtime/Content/Materials/MapOrScalarFunction.uexp" 416
"../../../Engine/Plugins/Interchange/Runtime/Content/Materials/MapOrLinearColorFunction.uasset" 417
"../../../Engine/Plugins/Interchange/Runtime/Content/Materials/MapOrLinearColorFunction.uexp" 418
"../../../Engine/Plugins/Interchange/Runtime/Content/Materials/MapOrColorFunction.uasset" 419
"../../../Engine/Plugins/Interchange/Runtime/Content/Materials/MapOrColorFunction.uexp" 420
"../../../Engine/Content/EngineMaterials/BaseFlattenLinearColor.uasset" 421
"../../../Engine/Content/EngineMaterials/BaseFlattenLinearColor.uexp" 422
"../../../Engine/Plugins/Interchange/Runtime/Content/Materials/CommonMaterial.uasset" 423
"../../../Engine/Plugins/Interchange/Runtime/Content/Materials/CommonMaterial.uexp" 424
"../../../Engine/Plugins/Interchange/Runtime/Content/Materials/PBRSurfaceFunction.uasset" 425
"../../../Engine/Plugins/Interchange/Runtime/Content/Materials/PBRSurfaceFunction.uexp" 426
"../../../Engine/Plugins/Interchange/Runtime/Content/Materials/ThinTranslucentMaterial.uasset" 427
"../../../Engine/Plugins/Interchange/Runtime/Content/Materials/ThinTranslucentMaterial.uexp" 428
"../../../Engine/Content/EngineMaterials/DefaultCalibrationGrayscale.uasset" 429
"../../../Engine/Content/EngineMaterials/DefaultCalibrationGrayscale.uexp" 430
"../../../Engine/Content/EngineMaterials/PPM_DefaultCalibrationGrayscale.uasset" 431
"../../../Engine/Content/EngineMaterials/PPM_DefaultCalibrationGrayscale.uexp" 432
"../../../Engine/Content/EngineMaterials/DefaultCalibrationColor.uasset" 433
"../../../Engine/Content/EngineMaterials/DefaultCalibrationColor.uexp" 434
"../../../Engine/Content/EngineMaterials/PPM_DefaultCalibrationColor.uasset" 435
"../../../Engine/Content/EngineMaterials/PPM_DefaultCalibrationColor.uexp" 436
"../../../Engine/Content/Functions/Engine_MaterialFunctions02/WorldPositionOffset/CameraOffset.uasset" 437
"../../../Engine/Content/Functions/Engine_MaterialFunctions02/WorldPositionOffset/CameraOffset.uexp" 438
"../../../Engine/Content/EngineMaterials/PhAT_JointLimitMaterial.uasset" 439
"../../../Engine/Content/EngineMaterials/PhAT_JointLimitMaterial.uexp" 440
"../../../Engine/Content/EngineMaterials/InvalidLightmapSettings.ubulk" 441
"../../../Engine/Content/EngineMaterials/InvalidLightmapSettings.uasset" 442
"../../../Engine/Content/EngineMaterials/InvalidLightmapSettings.uexp" 443
"../../../Engine/Content/EngineMaterials/M_InvalidLightmapSettings.uasset" 444
"../../../Engine/Content/EngineMaterials/M_InvalidLightmapSettings.uexp" 445
"../../../Engine/Plugins/Interchange/Runtime/Content/Materials/UnlitMaterial.uasset" 446
"../../../Engine/Plugins/Interchange/Runtime/Content/Materials/UnlitMaterial.uexp" 447
"../../../Engine/Plugins/Interchange/Runtime/Content/Pipelines/DefaultSceneAssetsPipeline.uasset" 448
"../../../Engine/Plugins/Interchange/Runtime/Content/Pipelines/DefaultSceneAssetsPipeline.uexp" 449
"../../../Engine/Plugins/Interchange/Runtime/Content/Materials/SheenMaterial.uasset" 450
"../../../Engine/Plugins/Interchange/Runtime/Content/Materials/SheenMaterial.uexp" 451
"../../../Engine/Content/EngineMaterials/GizmoMaterial.uasset" 452
"../../../Engine/Content/EngineMaterials/GizmoMaterial.uexp" 453
"../../../Engine/Content/EngineMaterials/BaseFlattenEmissiveMap_VT.uasset" 454
"../../../Engine/Content/EngineMaterials/BaseFlattenEmissiveMap_VT.uexp" 455
"../../../Engine/Content/EngineMaterials/BaseFlattenGrayscaleMap_VT.uasset" 456
"../../../Engine/Content/EngineMaterials/BaseFlattenGrayscaleMap_VT.uexp" 457
"../../../Engine/Content/EngineMaterials/BaseFlattenLinearColor_VT.uasset" 458
"../../../Engine/Content/EngineMaterials/BaseFlattenLinearColor_VT.uexp" 459
"../../../Engine/Content/EngineMaterials/Black_1x1_EXR_Texture_VT.uasset" 460
"../../../Engine/Content/EngineMaterials/Black_1x1_EXR_Texture_VT.uexp" 461
"../../../Engine/Content/EngineMaterials/BaseFlattenDiffuseMap_VT.uasset" 462
"../../../Engine/Content/EngineMaterials/BaseFlattenDiffuseMap_VT.uexp" 463
"../../../Engine/Content/EngineMaterials/BaseFlattenNormalMap_VT.uasset" 464
"../../../Engine/Content/EngineMaterials/BaseFlattenNormalMap_VT.uexp" 465
"../../../Engine/Content/EngineMaterials/FlattenMaterial_WS_Normal_VT.uasset" 466
"../../../Engine/Content/EngineMaterials/FlattenMaterial_WS_Normal_VT.uexp" 467
"../../../Engine/Content/EngineMaterials/FlattenMaterial_VT.uasset" 468
"../../../Engine/Content/EngineMaterials/FlattenMaterial_VT.uexp" 469
"../../../Engine/Content/EngineMaterials/BaseFlattenNormalMap.uasset" 470
"../../../Engine/Content/EngineMaterials/BaseFlattenNormalMap.uexp" 471
"../../../Engine/Content/EngineMaterials/BaseFlattenGrayscaleMap.uasset" 472
"../../../Engine/Content/EngineMaterials/BaseFlattenGrayscaleMap.uexp" 473
"../../../Engine/Content/EngineMaterials/BaseFlattenDiffuseMap.uasset" 474
"../../../Engine/Content/EngineMaterials/BaseFlattenDiffuseMap.uexp" 475
"../../../Engine/Content/Functions/Engine_MaterialFunctions02/PivotPainter2/Black_1x1_EXR_Texture.uasset" 476
"../../../Engine/Content/Functions/Engine_MaterialFunctions02/PivotPainter2/Black_1x1_EXR_Texture.uexp" 477
"../../../Engine/Content/EngineMaterials/BaseFlattenEmissiveMap.uasset" 478
"../../../Engine/Content/EngineMaterials/BaseFlattenEmissiveMap.uexp" 479
"../../../Engine/Content/EngineMaterials/FlattenMaterial.uasset" 480
"../../../Engine/Content/EngineMaterials/FlattenMaterial.uexp" 481
"../../../Engine/Content/EngineMaterials/DefaultWhiteGrid_Low.uasset" 482
"../../../Engine/Content/EngineMaterials/DefaultWhiteGrid_Low.uexp" 483
"../../../Engine/Content/EngineMaterials/EmissiveMeshMaterial.uasset" 484
"../../../Engine/Content/EngineMaterials/EmissiveMeshMaterial.uexp" 485
"../../../Engine/Plugins/Interchange/Runtime/Content/Pipelines/DefaultMaterialPipeline.uasset" 486
"../../../Engine/Plugins/Interchange/Runtime/Content/Pipelines/DefaultMaterialPipeline.uexp" 487
"../../../Engine/Content/EngineFonts/RobotoDistanceField.uasset" 488
"../../../Engine/Content/EngineFonts/RobotoDistanceField.uexp" 489
"../../../Engine/Content/EngineMaterials/DefaultTextMaterialOpaque.uasset" 490
"../../../Engine/Content/EngineMaterials/DefaultTextMaterialOpaque.uexp" 491
"../../../Engine/Content/EngineMaterials/DefaultDiffuse.ubulk" 492
"../../../Engine/Content/EngineMaterials/DefaultDiffuse.uasset" 493
"../../../Engine/Content/EngineMaterials/DefaultDiffuse.uexp" 494
"../../../Engine/Content/Functions/Engine_MaterialFunctions02/Utility/BreakOutFloat2Components.uasset" 495
"../../../Engine/Content/Functions/Engine_MaterialFunctions02/Utility/BreakOutFloat2Components.uexp" 496
"../../../Engine/Content/EngineMaterials/DefaultPostProcessMaterial.uasset" 497
"../../../Engine/Content/EngineMaterials/DefaultPostProcessMaterial.uexp" 498
"../../../Engine/Content/EngineMaterials/DefaultPhysicalMaterial.uasset" 499
"../../../Engine/Content/EngineMaterials/DefaultPhysicalMaterial.uexp" 500
"../../../Engine/Content/EngineMaterials/DefaultLightFunctionMaterial.uasset" 501
"../../../Engine/Content/EngineMaterials/DefaultLightFunctionMaterial.uexp" 502
"../../../Engine/Content/EngineMaterials/DefaultDestructiblePhysicalMaterial.uasset" 503
"../../../Engine/Content/EngineMaterials/DefaultDestructiblePhysicalMaterial.uexp" 504
"../../../Engine/Content/EngineMaterials/DefaultDeferredDecalMaterial.uasset" 505
"../../../Engine/Content/EngineMaterials/DefaultDeferredDecalMaterial.uexp" 506
"../../../Engine/Plugins/Interchange/Runtime/Content/Materials/SubsurfaceMaterial.uasset" 507
"../../../Engine/Plugins/Interchange/Runtime/Content/Materials/SubsurfaceMaterial.uexp" 508
"../../../Engine/Content/EngineMaterials/DefaultBloomKernel.uasset" 509
"../../../Engine/Content/EngineMaterials/DefaultBloomKernel.uexp" 510
"../../../Engine/Content/Functions/Engine_MaterialFunctions01/Shading/ConvertFromDiffSpec.uasset" 511
"../../../Engine/Content/Functions/Engine_MaterialFunctions01/Shading/ConvertFromDiffSpec.uexp" 512
"../../../Engine/Plugins/Interchange/Runtime/Content/Materials/PhongSurfaceMaterial.uasset" 513
"../../../Engine/Plugins/Interchange/Runtime/Content/Materials/PhongSurfaceMaterial.uexp" 514
"../../../Engine/Plugins/Interchange/Runtime/Content/Materials/PBRSurfaceMaterial.uasset" 515
"../../../Engine/Plugins/Interchange/Runtime/Content/Materials/PBRSurfaceMaterial.uexp" 516
"../../../Engine/Plugins/Interchange/Runtime/Content/Materials/LambertSurfaceMaterial.uasset" 517
"../../../Engine/Plugins/Interchange/Runtime/Content/Materials/LambertSurfaceMaterial.uexp" 518
"../../../Engine/Content/EngineMaterials/FlatNormal.uasset" 519
"../../../Engine/Content/EngineMaterials/FlatNormal.uexp" 520
"../../../Engine/Plugins/Interchange/Runtime/Content/Functions/MF_OrenNayerView.uasset" 521
"../../../Engine/Plugins/Interchange/Runtime/Content/Functions/MF_OrenNayerView.uexp" 522
"../../../Engine/Content/EditorLandscapeResources/WhiteSquareTexture.uasset" 523
"../../../Engine/Content/EditorLandscapeResources/WhiteSquareTexture.uexp" 524
"../../../Engine/Plugins/Interchange/Runtime/Content/Functions/MF_SchlickApprox.uasset" 525
"../../../Engine/Plugins/Interchange/Runtime/Content/Functions/MF_SchlickApprox.uexp" 526
"../../../Engine/Plugins/Interchange/Runtime/Content/Utilities/New_LUT.uasset" 527
"../../../Engine/Plugins/Interchange/Runtime/Content/Utilities/New_LUT.uexp" 528
"../../../Engine/Content/Functions/Engine_MaterialFunctions03/Math/RemapValueRange.uasset" 529
"../../../Engine/Content/Functions/Engine_MaterialFunctions03/Math/RemapValueRange.uexp" 530
"../../../Engine/Plugins/Interchange/Runtime/Content/Functions/MF_Iridescence.uasset" 531
"../../../Engine/Plugins/Interchange/Runtime/Content/Functions/MF_Iridescence.uexp" 532
"../../../Engine/Plugins/Interchange/Runtime/Content/Materials/OrenNayerMaterial.uasset" 533
"../../../Engine/Plugins/Interchange/Runtime/Content/Materials/OrenNayerMaterial.uexp" 534
"../../../Engine/Plugins/Interchange/Runtime/Content/Materials/ClearCoatMaterial.uasset" 535
"../../../Engine/Plugins/Interchange/Runtime/Content/Materials/ClearCoatMaterial.uexp" 536
"../../../Engine/Plugins/Interchange/Runtime/Content/Pipelines/DefaultTexturePipeline.uasset" 537
"../../../Engine/Plugins/Interchange/Runtime/Content/Pipelines/DefaultTexturePipeline.uexp" 538
"../../../Engine/Plugins/Interchange/Runtime/Content/Pipelines/DefaultSceneLevelPipeline.uasset" 539
"../../../Engine/Plugins/Interchange/Runtime/Content/Pipelines/DefaultSceneLevelPipeline.uexp" 540
"../../../Engine/Content/EngineResources/FilmGrains/Marcie_Grain_v3_128_M2_000.uasset" 541
"../../../Engine/Content/EngineResources/FilmGrains/Marcie_Grain_v3_128_M2_000.uexp" 542
"../../../Engine/Content/EngineSky/T_Sky_Stars.ubulk" 543
"../../../Engine/Content/EngineSky/T_Sky_Stars.uasset" 544
"../../../Engine/Content/EngineSky/T_Sky_Stars.uexp" 545
"../../../Engine/Content/EngineSky/T_Sky_Clouds_M.ubulk" 546
"../../../Engine/Content/EngineSky/T_Sky_Clouds_M.uasset" 547
"../../../Engine/Content/EngineSky/T_Sky_Clouds_M.uexp" 548
"../../../Engine/Content/EngineSky/T_Sky_Blue.ubulk" 549
"../../../Engine/Content/EngineSky/T_Sky_Blue.uasset" 550
"../../../Engine/Content/EngineSky/T_Sky_Blue.uexp" 551
"../../../Engine/Content/EngineSky/M_Sky_Panning_Clouds2.uasset" 552
"../../../Engine/Content/EngineSky/M_Sky_Panning_Clouds2.uexp" 553
"../../../Engine/Content/EngineSky/SM_SkySphere.ubulk" 554
"../../../Engine/Content/EngineSky/SM_SkySphere.uasset" 555
"../../../Engine/Content/EngineSky/SM_SkySphere.uexp" 556
"../../../Engine/Content/EngineSky/M_SimpleSkyDome.uasset" 557
"../../../Engine/Content/EngineSky/M_SimpleSkyDome.uexp" 558
"../../../Engine/Content/EngineSky/VolumetricClouds/CloudWeatherTexture.uasset" 559
"../../../Engine/Content/EngineSky/VolumetricClouds/CloudWeatherTexture.uexp" 560
"../../../Engine/Content/Functions/Engine_MaterialFunctions02/Utility/MakeFloat2.uasset" 561
"../../../Engine/Content/Functions/Engine_MaterialFunctions02/Utility/MakeFloat2.uexp" 562
"../../../Engine/Content/EngineSky/VolumetricClouds/CloudGradientTexture.uasset" 563
"../../../Engine/Content/EngineSky/VolumetricClouds/CloudGradientTexture.uexp" 564
"../../../Engine/Content/EngineSky/VolumetricClouds/T_NoiseShape64.ubulk" 565
"../../../Engine/Content/EngineSky/VolumetricClouds/T_NoiseShape64.uasset" 566
"../../../Engine/Content/EngineSky/VolumetricClouds/T_NoiseShape64.uexp" 567
"../../../Engine/Content/EngineSky/VolumetricClouds/T_VolumeNoiseShape64.uasset" 568
"../../../Engine/Content/EngineSky/VolumetricClouds/T_VolumeNoiseShape64.uexp" 569
"../../../Engine/Content/EngineSky/VolumetricClouds/T_NoiseErosion.ubulk" 570
"../../../Engine/Content/EngineSky/VolumetricClouds/T_NoiseErosion.uasset" 571
"../../../Engine/Content/EngineSky/VolumetricClouds/T_NoiseErosion.uexp" 572
"../../../Engine/Content/EngineSky/VolumetricClouds/T_VolumeNoiseErosion32.uasset" 573
"../../../Engine/Content/EngineSky/VolumetricClouds/T_VolumeNoiseErosion32.uexp" 574
"../../../Engine/Content/EngineSky/VolumetricClouds/m_SimpleVolumetricCloud.uasset" 575
"../../../Engine/Content/EngineSky/VolumetricClouds/m_SimpleVolumetricCloud.uexp" 576
"../../../Engine/Content/EngineSky/VolumetricClouds/m_SimpleVolumetricCloud_Inst.uasset" 577
"../../../Engine/Content/EngineSky/VolumetricClouds/m_SimpleVolumetricCloud_Inst.uexp" 578
"../../../Engine/Content/EngineSounds/Master.uasset" 579
"../../../Engine/Content/EngineSounds/Master.uexp" 580
"../../../Engine/Content/Functions/Engine_MaterialFunctions01/Shading/PowerToRoughness.uasset" 581
"../../../Engine/Content/Functions/Engine_MaterialFunctions01/Shading/PowerToRoughness.uexp" 582
"../../../Engine/Content/Maps/Templates/HLODs/HLODLayer_Merged.uasset" 583
"../../../Engine/Content/Maps/Templates/HLODs/HLODLayer_Merged.uexp" 584
"../../../Engine/Content/MobileResources/HUD/VirtualJoystick_Background.uasset" 585
"../../../Engine/Content/MobileResources/HUD/VirtualJoystick_Background.uexp" 586
"../../../Engine/Content/MobileResources/HUD/VirtualJoystick_Thumb.uasset" 587
"../../../Engine/Content/MobileResources/HUD/VirtualJoystick_Thumb.uexp" 588
"../../../Engine/Content/MobileResources/HUD/DefaultVirtualJoysticks.uasset" 589
"../../../Engine/Content/MobileResources/HUD/DefaultVirtualJoysticks.uexp" 590
"../../../Engine/Plugins/2D/Paper2D/Content/PlaceholderTextures/DummySpriteTexture.ubulk" 591
"../../../Engine/Plugins/2D/Paper2D/Content/PlaceholderTextures/DummySpriteTexture.uasset" 592
"../../../Engine/Plugins/2D/Paper2D/Content/PlaceholderTextures/DummySpriteTexture.uexp" 593
"../../../Engine/Plugins/2D/Paper2D/Content/DefaultSpriteMaterial.uasset" 594
"../../../Engine/Plugins/2D/Paper2D/Content/DefaultSpriteMaterial.uexp" 595
"../../../Engine/Plugins/2D/Paper2D/Content/OpaqueUnlitSpriteMaterial.uasset" 596
"../../../Engine/Plugins/2D/Paper2D/Content/OpaqueUnlitSpriteMaterial.uexp" 597
"../../../Engine/Plugins/2D/Paper2D/Content/MaskedUnlitSpriteMaterial.uasset" 598
"../../../Engine/Plugins/2D/Paper2D/Content/MaskedUnlitSpriteMaterial.uexp" 599
"../../../Engine/Plugins/2D/Paper2D/Content/DummySprite.uasset" 600
"../../../Engine/Plugins/2D/Paper2D/Content/DummySprite.uexp" 601
"../../../Engine/Plugins/2D/Paper2D/Content/DefaultPaperTerrainMaterial.uasset" 602
"../../../Engine/Plugins/2D/Paper2D/Content/DefaultPaperTerrainMaterial.uexp" 603
"../../../Engine/Plugins/Animation/ControlRig/Content/M_Manip.uasset" 604
"../../../Engine/Plugins/Animation/ControlRig/Content/M_Manip.uexp" 605
"../../../Engine/Plugins/Animation/ControlRig/Content/Controls/DefaultGizmoLibraryNormalized.uasset" 606
"../../../Engine/Plugins/Animation/ControlRig/Content/Controls/DefaultGizmoLibraryNormalized.uexp" 607
"../../../Engine/Plugins/Animation/ControlRig/Content/Controls/ControlRig_Wedge_solid.ubulk" 608
"../../../Engine/Plugins/Animation/ControlRig/Content/Controls/ControlRig_Wedge_solid.uasset" 609
"../../../Engine/Plugins/Animation/ControlRig/Content/Controls/ControlRig_Wedge_solid.uexp" 610
"../../../Engine/Plugins/Animation/ControlRig/Content/Controls/ControlRig_Wedge_3mm.ubulk" 611
"../../../Engine/Plugins/Animation/ControlRig/Content/Controls/ControlRig_Wedge_3mm.uasset" 612
"../../../Engine/Plugins/Animation/ControlRig/Content/Controls/ControlRig_Wedge_3mm.uexp" 613
"../../../Engine/Plugins/Animation/ControlRig/Content/Controls/ControlRig_Wedge_1mm.ubulk" 614
"../../../Engine/Plugins/Animation/ControlRig/Content/Controls/ControlRig_Wedge_1mm.uasset" 615
"../../../Engine/Plugins/Animation/ControlRig/Content/Controls/ControlRig_Wedge_1mm.uexp" 616
"../../../Engine/Plugins/Animation/ControlRig/Content/Controls/ControlRig_Triangle_solid.ubulk" 617
"../../../Engine/Plugins/Animation/ControlRig/Content/Controls/ControlRig_Triangle_solid.uasset" 618
"../../../Engine/Plugins/Animation/ControlRig/Content/Controls/ControlRig_Triangle_solid.uexp" 619
"../../../Engine/Plugins/Animation/ControlRig/Content/Controls/ControlRig_Triangle_3mm.ubulk" 620
"../../../Engine/Plugins/Animation/ControlRig/Content/Controls/ControlRig_Triangle_3mm.uasset" 621
"../../../Engine/Plugins/Animation/ControlRig/Content/Controls/ControlRig_Triangle_3mm.uexp" 622
"../../../Engine/Plugins/Animation/ControlRig/Content/Controls/ControlRig_Triangle_1mm.ubulk" 623
"../../../Engine/Plugins/Animation/ControlRig/Content/Controls/ControlRig_Triangle_1mm.uasset" 624
"../../../Engine/Plugins/Animation/ControlRig/Content/Controls/ControlRig_Triangle_1mm.uexp" 625
"../../../Engine/Plugins/Animation/ControlRig/Content/Controls/ControlRig_Star4_solid.ubulk" 626
"../../../Engine/Plugins/Animation/ControlRig/Content/Controls/ControlRig_Star4_solid.uasset" 627
"../../../Engine/Plugins/Animation/ControlRig/Content/Controls/ControlRig_Star4_solid.uexp" 628
"../../../Engine/Plugins/Animation/ControlRig/Content/Controls/ControlRig_Star4_3mm.ubulk" 629
"../../../Engine/Plugins/Animation/ControlRig/Content/Controls/ControlRig_Star4_3mm.uasset" 630
"../../../Engine/Plugins/Animation/ControlRig/Content/Controls/ControlRig_Star4_3mm.uexp" 631
"../../../Engine/Plugins/Animation/ControlRig/Content/Controls/ControlRig_Star4_1mm.ubulk" 632
"../../../Engine/Plugins/Animation/ControlRig/Content/Controls/ControlRig_Star4_1mm.uasset" 633
"../../../Engine/Plugins/Animation/ControlRig/Content/Controls/ControlRig_Star4_1mm.uexp" 634
"../../../Engine/Plugins/Animation/ControlRig/Content/Controls/ControlRig_Square_solid.ubulk" 635
"../../../Engine/Plugins/Animation/ControlRig/Content/Controls/ControlRig_Square_solid.uasset" 636
"../../../Engine/Plugins/Animation/ControlRig/Content/Controls/ControlRig_Square_solid.uexp" 637
"../../../Engine/Plugins/Animation/ControlRig/Content/Controls/ControlRig_Square_3mm.ubulk" 638
"../../../Engine/Plugins/Animation/ControlRig/Content/Controls/ControlRig_Square_3mm.uasset" 639
"../../../Engine/Plugins/Animation/ControlRig/Content/Controls/ControlRig_Square_3mm.uexp" 640
"../../../Engine/Plugins/Animation/ControlRig/Content/Controls/ControlRig_Square_1mm.ubulk" 641
"../../../Engine/Plugins/Animation/ControlRig/Content/Controls/ControlRig_Square_1mm.uasset" 642
"../../../Engine/Plugins/Animation/ControlRig/Content/Controls/ControlRig_Square_1mm.uexp" 643
"../../../Engine/Plugins/Animation/ControlRig/Content/Controls/ControlRig_Sphere_solid.ubulk" 644
"../../../Engine/Plugins/Animation/ControlRig/Content/Controls/ControlRig_Sphere_solid.uasset" 645
"../../../Engine/Plugins/Animation/ControlRig/Content/Controls/ControlRig_Sphere_solid.uexp" 646
"../../../Engine/Plugins/Animation/ControlRig/Content/Controls/ControlRig_Sphere_3mm.ubulk" 647
"../../../Engine/Plugins/Animation/ControlRig/Content/Controls/ControlRig_Sphere_3mm.uasset" 648
"../../../Engine/Plugins/Animation/ControlRig/Content/Controls/ControlRig_Sphere_3mm.uexp" 649
"../../../Engine/Plugins/Animation/ControlRig/Content/Controls/ControlRig_Sphere_1mm.ubulk" 650
"../../../Engine/Plugins/Animation/ControlRig/Content/Controls/ControlRig_Sphere_1mm.uasset" 651
"../../../Engine/Plugins/Animation/ControlRig/Content/Controls/ControlRig_Sphere_1mm.uexp" 652
"../../../Engine/Plugins/Animation/ControlRig/Content/Controls/ControlRig_RoundedTriangle_solid.ubulk" 653
"../../../Engine/Plugins/Animation/ControlRig/Content/Controls/ControlRig_RoundedTriangle_solid.uasset" 654
"../../../Engine/Plugins/Animation/ControlRig/Content/Controls/ControlRig_RoundedTriangle_solid.uexp" 655
"../../../Engine/Plugins/Animation/ControlRig/Content/Controls/ControlRig_RoundedTriangle_3mm.ubulk" 656
"../../../Engine/Plugins/Animation/ControlRig/Content/Controls/ControlRig_RoundedTriangle_3mm.uasset" 657
"../../../Engine/Plugins/Animation/ControlRig/Content/Controls/ControlRig_RoundedTriangle_3mm.uexp" 658
"../../../Engine/Plugins/Animation/ControlRig/Content/Controls/ControlRig_RoundedTriangle_1mm.ubulk" 659
"../../../Engine/Plugins/Animation/ControlRig/Content/Controls/ControlRig_RoundedTriangle_1mm.uasset" 660
"../../../Engine/Plugins/Animation/ControlRig/Content/Controls/ControlRig_RoundedTriangle_1mm.uexp" 661
"../../../Engine/Plugins/Animation/ControlRig/Content/Controls/ControlRig_RoundedSquare_solid.ubulk" 662
"../../../Engine/Plugins/Animation/ControlRig/Content/Controls/ControlRig_RoundedSquare_solid.uasset" 663
"../../../Engine/Plugins/Animation/ControlRig/Content/Controls/ControlRig_RoundedSquare_solid.uexp" 664
"../../../Engine/Plugins/Animation/ControlRig/Content/Controls/ControlRig_RoundedSquare_3mm.ubulk" 665
"../../../Engine/Plugins/Animation/ControlRig/Content/Controls/ControlRig_RoundedSquare_3mm.uasset" 666
"../../../Engine/Plugins/Animation/ControlRig/Content/Controls/ControlRig_RoundedSquare_3mm.uexp" 667
"../../../Engine/Plugins/Animation/ControlRig/Content/Controls/ControlRig_RoundedSquare_1mm.ubulk" 668
"../../../Engine/Plugins/Animation/ControlRig/Content/Controls/ControlRig_RoundedSquare_1mm.uasset" 669
"../../../Engine/Plugins/Animation/ControlRig/Content/Controls/ControlRig_RoundedSquare_1mm.uexp" 670
"../../../Engine/Plugins/Animation/ControlRig/Content/Controls/ControlRig_QuarterCircle_solid.ubulk" 671
"../../../Engine/Plugins/Animation/ControlRig/Content/Controls/ControlRig_QuarterCircle_solid.uasset" 672
"../../../Engine/Plugins/Animation/ControlRig/Content/Controls/ControlRig_QuarterCircle_solid.uexp" 673
"../../../Engine/Plugins/Animation/ControlRig/Content/Controls/ControlRig_QuarterCircle_3mm.ubulk" 674
"../../../Engine/Plugins/Animation/ControlRig/Content/Controls/ControlRig_QuarterCircle_3mm.uasset" 675
"../../../Engine/Plugins/Animation/ControlRig/Content/Controls/ControlRig_QuarterCircle_3mm.uexp" 676
"../../../Engine/Plugins/Animation/ControlRig/Content/Controls/ControlRig_QuarterCircle_1mm.ubulk" 677
"../../../Engine/Plugins/Animation/ControlRig/Content/Controls/ControlRig_QuarterCircle_1mm.uasset" 678
"../../../Engine/Plugins/Animation/ControlRig/Content/Controls/ControlRig_QuarterCircle_1mm.uexp" 679
"../../../Engine/Plugins/Animation/ControlRig/Content/Controls/ControlRig_Pyramid_solid.ubulk" 680
"../../../Engine/Plugins/Animation/ControlRig/Content/Controls/ControlRig_Pyramid_solid.uasset" 681
"../../../Engine/Plugins/Animation/ControlRig/Content/Controls/ControlRig_Pyramid_solid.uexp" 682
"../../../Engine/Plugins/Animation/ControlRig/Content/Controls/ControlRig_Pyramid_3mm.ubulk" 683
"../../../Engine/Plugins/Animation/ControlRig/Content/Controls/ControlRig_Pyramid_3mm.uasset" 684
"../../../Engine/Plugins/Animation/ControlRig/Content/Controls/ControlRig_Pyramid_3mm.uexp" 685
"../../../Engine/Plugins/Animation/ControlRig/Content/Controls/ControlRig_Pyramid_1mm.ubulk" 686
"../../../Engine/Plugins/Animation/ControlRig/Content/Controls/ControlRig_Pyramid_1mm.uasset" 687
"../../../Engine/Plugins/Animation/ControlRig/Content/Controls/ControlRig_Pyramid_1mm.uexp" 688
"../../../Engine/Plugins/Animation/ControlRig/Content/Controls/ControlRig_Octagon_solid.ubulk" 689
"../../../Engine/Plugins/Animation/ControlRig/Content/Controls/ControlRig_Octagon_solid.uasset" 690
"../../../Engine/Plugins/Animation/ControlRig/Content/Controls/ControlRig_Octagon_solid.uexp" 691
"../../../Engine/Plugins/Animation/ControlRig/Content/Controls/ControlRig_Octagon_3mm.ubulk" 692
"../../../Engine/Plugins/Animation/ControlRig/Content/Controls/ControlRig_Octagon_3mm.uasset" 693
"../../../Engine/Plugins/Animation/ControlRig/Content/Controls/ControlRig_Octagon_3mm.uexp" 694
"../../../Engine/Plugins/Animation/ControlRig/Content/Controls/ControlRig_Octagon_1mm.ubulk" 695
"../../../Engine/Plugins/Animation/ControlRig/Content/Controls/ControlRig_Octagon_1mm.uasset" 696
"../../../Engine/Plugins/Animation/ControlRig/Content/Controls/ControlRig_Octagon_1mm.uexp" 697
"../../../Engine/Plugins/Animation/ControlRig/Content/Controls/ControlRig_Hexagon_solid.ubulk" 698
"../../../Engine/Plugins/Animation/ControlRig/Content/Controls/ControlRig_Hexagon_solid.uasset" 699
"../../../Engine/Plugins/Animation/ControlRig/Content/Controls/ControlRig_Hexagon_solid.uexp" 700
"../../../Engine/Plugins/Animation/ControlRig/Content/Controls/ControlRig_Hexagon_3mm.ubulk" 701
"../../../Engine/Plugins/Animation/ControlRig/Content/Controls/ControlRig_Hexagon_3mm.uasset" 702
"../../../Engine/Plugins/Animation/ControlRig/Content/Controls/ControlRig_Hexagon_3mm.uexp" 703
"../../../Engine/Plugins/Animation/ControlRig/Content/Controls/ControlRig_Hexagon_1mm.ubulk" 704
"../../../Engine/Plugins/Animation/ControlRig/Content/Controls/ControlRig_Hexagon_1mm.uasset" 705
"../../../Engine/Plugins/Animation/ControlRig/Content/Controls/ControlRig_Hexagon_1mm.uexp" 706
"../../../Engine/Plugins/Animation/ControlRig/Content/Controls/ControlRig_HalfCircle_solid.ubulk" 707
"../../../Engine/Plugins/Animation/ControlRig/Content/Controls/ControlRig_HalfCircle_solid.uasset" 708
"../../../Engine/Plugins/Animation/ControlRig/Content/Controls/ControlRig_HalfCircle_solid.uexp" 709
"../../../Engine/Plugins/Animation/ControlRig/Content/Controls/ControlRig_HalfCircle_3mm.ubulk" 710
"../../../Engine/Plugins/Animation/ControlRig/Content/Controls/ControlRig_HalfCircle_3mm.uasset" 711
"../../../Engine/Plugins/Animation/ControlRig/Content/Controls/ControlRig_HalfCircle_3mm.uexp" 712
"../../../Engine/Plugins/Animation/ControlRig/Content/Controls/ControlRig_HalfCircle_1mm.ubulk" 713
"../../../Engine/Plugins/Animation/ControlRig/Content/Controls/ControlRig_HalfCircle_1mm.uasset" 714
"../../../Engine/Plugins/Animation/ControlRig/Content/Controls/ControlRig_HalfCircle_1mm.uexp" 715
"../../../Engine/Plugins/Animation/ControlRig/Content/Controls/ControlRig_Diamond_solid.ubulk" 716
"../../../Engine/Plugins/Animation/ControlRig/Content/Controls/ControlRig_Diamond_solid.uasset" 717
"../../../Engine/Plugins/Animation/ControlRig/Content/Controls/ControlRig_Diamond_solid.uexp" 718
"../../../Engine/Plugins/Animation/ControlRig/Content/Controls/ControlRig_Diamond_3mm.ubulk" 719
"../../../Engine/Plugins/Animation/ControlRig/Content/Controls/ControlRig_Diamond_3mm.uasset" 720
"../../../Engine/Plugins/Animation/ControlRig/Content/Controls/ControlRig_Diamond_3mm.uexp" 721
"../../../Engine/Plugins/Animation/ControlRig/Content/Controls/ControlRig_Diamond_1mm.ubulk" 722
"../../../Engine/Plugins/Animation/ControlRig/Content/Controls/ControlRig_Diamond_1mm.uasset" 723
"../../../Engine/Plugins/Animation/ControlRig/Content/Controls/ControlRig_Diamond_1mm.uexp" 724
"../../../Engine/Plugins/Animation/ControlRig/Content/Controls/ControlRig_Circle_solid.ubulk" 725
"../../../Engine/Plugins/Animation/ControlRig/Content/Controls/ControlRig_Circle_solid.uasset" 726
"../../../Engine/Plugins/Animation/ControlRig/Content/Controls/ControlRig_Circle_solid.uexp" 727
"../../../Engine/Plugins/Animation/ControlRig/Content/Controls/ControlRig_Circle_3mm.ubulk" 728
"../../../Engine/Plugins/Animation/ControlRig/Content/Controls/ControlRig_Circle_3mm.uasset" 729
"../../../Engine/Plugins/Animation/ControlRig/Content/Controls/ControlRig_Circle_3mm.uexp" 730
"../../../Engine/Plugins/Animation/ControlRig/Content/Controls/ControlRig_Circle_1mm.ubulk" 731
"../../../Engine/Plugins/Animation/ControlRig/Content/Controls/ControlRig_Circle_1mm.uasset" 732
"../../../Engine/Plugins/Animation/ControlRig/Content/Controls/ControlRig_Circle_1mm.uexp" 733
"../../../Engine/Plugins/Animation/ControlRig/Content/Controls/ControlRig_Box_solid.ubulk" 734
"../../../Engine/Plugins/Animation/ControlRig/Content/Controls/ControlRig_Box_solid.uasset" 735
"../../../Engine/Plugins/Animation/ControlRig/Content/Controls/ControlRig_Box_solid.uexp" 736
"../../../Engine/Plugins/Animation/ControlRig/Content/Controls/ControlRig_Box_3mm.ubulk" 737
"../../../Engine/Plugins/Animation/ControlRig/Content/Controls/ControlRig_Box_3mm.uasset" 738
"../../../Engine/Plugins/Animation/ControlRig/Content/Controls/ControlRig_Box_3mm.uexp" 739
"../../../Engine/Plugins/Animation/ControlRig/Content/Controls/ControlRig_Box_1mm.ubulk" 740
"../../../Engine/Plugins/Animation/ControlRig/Content/Controls/ControlRig_Box_1mm.uasset" 741
"../../../Engine/Plugins/Animation/ControlRig/Content/Controls/ControlRig_Box_1mm.uexp" 742
"../../../Engine/Plugins/Animation/ControlRig/Content/Controls/ControlRig_Arrow_solid.ubulk" 743
"../../../Engine/Plugins/Animation/ControlRig/Content/Controls/ControlRig_Arrow_solid.uasset" 744
"../../../Engine/Plugins/Animation/ControlRig/Content/Controls/ControlRig_Arrow_solid.uexp" 745
"../../../Engine/Plugins/Animation/ControlRig/Content/Controls/ControlRig_Arrow_3mm.ubulk" 746
"../../../Engine/Plugins/Animation/ControlRig/Content/Controls/ControlRig_Arrow_3mm.uasset" 747
"../../../Engine/Plugins/Animation/ControlRig/Content/Controls/ControlRig_Arrow_3mm.uexp" 748
"../../../Engine/Plugins/Animation/ControlRig/Content/Controls/ControlRig_Arrow_1mm.ubulk" 749
"../../../Engine/Plugins/Animation/ControlRig/Content/Controls/ControlRig_Arrow_1mm.uasset" 750
"../../../Engine/Plugins/Animation/ControlRig/Content/Controls/ControlRig_Arrow_1mm.uexp" 751
"../../../Engine/Plugins/Animation/ControlRig/Content/Controls/ControlRig_Arrow4_solid.ubulk" 752
"../../../Engine/Plugins/Animation/ControlRig/Content/Controls/ControlRig_Arrow4_solid.uasset" 753
"../../../Engine/Plugins/Animation/ControlRig/Content/Controls/ControlRig_Arrow4_solid.uexp" 754
"../../../Engine/Plugins/Animation/ControlRig/Content/Controls/ControlRig_Arrow4_3mm.ubulk" 755
"../../../Engine/Plugins/Animation/ControlRig/Content/Controls/ControlRig_Arrow4_3mm.uasset" 756
"../../../Engine/Plugins/Animation/ControlRig/Content/Controls/ControlRig_Arrow4_3mm.uexp" 757
"../../../Engine/Plugins/Animation/ControlRig/Content/Controls/ControlRig_Arrow4_1mm.ubulk" 758
"../../../Engine/Plugins/Animation/ControlRig/Content/Controls/ControlRig_Arrow4_1mm.uasset" 759
"../../../Engine/Plugins/Animation/ControlRig/Content/Controls/ControlRig_Arrow4_1mm.uexp" 760
"../../../Engine/Plugins/Animation/ControlRig/Content/Controls/ControlRig_Arrow2_solid.ubulk" 761
"../../../Engine/Plugins/Animation/ControlRig/Content/Controls/ControlRig_Arrow2_solid.uasset" 762
"../../../Engine/Plugins/Animation/ControlRig/Content/Controls/ControlRig_Arrow2_solid.uexp" 763
"../../../Engine/Plugins/Animation/ControlRig/Content/Controls/ControlRig_Arrow2_3mm.ubulk" 764
"../../../Engine/Plugins/Animation/ControlRig/Content/Controls/ControlRig_Arrow2_3mm.uasset" 765
"../../../Engine/Plugins/Animation/ControlRig/Content/Controls/ControlRig_Arrow2_3mm.uexp" 766
"../../../Engine/Plugins/Animation/ControlRig/Content/Controls/ControlRig_Arrow2_1mm.ubulk" 767
"../../../Engine/Plugins/Animation/ControlRig/Content/Controls/ControlRig_Arrow2_1mm.uasset" 768
"../../../Engine/Plugins/Animation/ControlRig/Content/Controls/ControlRig_Arrow2_1mm.uexp" 769
"../../../Engine/Plugins/Animation/ControlRig/Content/Controls/ControlRigXRayMaterial.uasset" 770
"../../../Engine/Plugins/Animation/ControlRig/Content/Controls/ControlRigXRayMaterial.uexp" 771
"../../../Engine/Plugins/Animation/ControlRig/Content/Controls/ControlRigGizmoMaterial.uasset" 772
"../../../Engine/Plugins/Animation/ControlRig/Content/Controls/ControlRigGizmoMaterial.uexp" 773
"../../../Engine/Plugins/Editor/SpeedTreeImporter/Content/SpeedTree9/game_wind_noise.ubulk" 774
"../../../Engine/Plugins/Editor/SpeedTreeImporter/Content/SpeedTree9/game_wind_noise.uasset" 775
"../../../Engine/Plugins/Editor/SpeedTreeImporter/Content/SpeedTree9/game_wind_noise.uexp" 776
"../../../Engine/Plugins/Editor/SpeedTreeImporter/Content/SpeedTree9/UnpackDirection.uasset" 777
"../../../Engine/Plugins/Editor/SpeedTreeImporter/Content/SpeedTree9/UnpackDirection.uexp" 778
"../../../Engine/Content/Functions/Engine_MaterialFunctions02/ObjectLocalBounds.uasset" 779
"../../../Engine/Content/Functions/Engine_MaterialFunctions02/ObjectLocalBounds.uexp" 780
"../../../Engine/Content/Functions/Engine_MaterialFunctions02/UVs/BoundingBoxBased_0-1_UVW.uasset" 781
"../../../Engine/Content/Functions/Engine_MaterialFunctions02/UVs/BoundingBoxBased_0-1_UVW.uexp" 782
"../../../Engine/Content/Functions/Engine_MaterialFunctions02/Utility/VectorLength.uasset" 783
"../../../Engine/Content/Functions/Engine_MaterialFunctions02/Utility/VectorLength.uexp" 784
"../../../Engine/Plugins/Editor/SpeedTreeImporter/Content/SpeedTree9/UnpackInteger3.uasset" 785
"../../../Engine/Plugins/Editor/SpeedTreeImporter/Content/SpeedTree9/UnpackInteger3.uexp" 786
"../../../Engine/Plugins/Editor/SpeedTreeImporter/Content/SpeedTree9/SpeedTreeCameraFacing.uasset" 787
"../../../Engine/Plugins/Editor/SpeedTreeImporter/Content/SpeedTree9/SpeedTreeCameraFacing.uexp" 788
"../../../Engine/Content/Functions/Engine_MaterialFunctions02/WorldPositionOffset/ObjectScale.uasset" 789
"../../../Engine/Content/Functions/Engine_MaterialFunctions02/WorldPositionOffset/ObjectScale.uexp" 790
"../../../Engine/Content/Functions/Engine_MaterialFunctions02/SafeNormalize.uasset" 791
"../../../Engine/Content/Functions/Engine_MaterialFunctions02/SafeNormalize.uexp" 792
"../../../Engine/Plugins/Editor/SpeedTreeImporter/Content/SpeedTree9/SpeedTreeWindMotion.uasset" 793
"../../../Engine/Plugins/Editor/SpeedTreeImporter/Content/SpeedTree9/SpeedTreeWindMotion.uexp" 794
"../../../Engine/Plugins/Editor/SpeedTreeImporter/Content/SpeedTree9/SpeedTreeBranchMotion.uasset" 795
"../../../Engine/Plugins/Editor/SpeedTreeImporter/Content/SpeedTree9/SpeedTreeBranchMotion.uexp" 796
"../../../Engine/Plugins/Editor/SpeedTreeImporter/Content/SpeedTree9/SpeedTreeWind.uasset" 797
"../../../Engine/Plugins/Editor/SpeedTreeImporter/Content/SpeedTree9/SpeedTreeWind.uexp" 798
"../../../Engine/Plugins/Editor/SpeedTreeImporter/Content/SpeedTree9/EmptyNormal.uasset" 799
"../../../Engine/Plugins/Editor/SpeedTreeImporter/Content/SpeedTree9/EmptyNormal.uexp" 800
"../../../Engine/Plugins/Editor/SpeedTreeImporter/Content/SpeedTree9/Empty.uasset" 801
"../../../Engine/Plugins/Editor/SpeedTreeImporter/Content/SpeedTree9/Empty.uexp" 802
"../../../Engine/Plugins/Editor/SpeedTreeImporter/Content/SpeedTree9/SpeedTreeMaster.uasset" 803
"../../../Engine/Plugins/Editor/SpeedTreeImporter/Content/SpeedTree9/SpeedTreeMaster.uexp" 804
"../../../Engine/Plugins/Editor/SpeedTreeImporter/Content/SpeedTree9/SpeedTreeBillboard.uasset" 805
"../../../Engine/Plugins/Editor/SpeedTreeImporter/Content/SpeedTree9/SpeedTreeBillboard.uexp" 806
"../../../Engine/Plugins/Editor/SpeedTreeImporter/Content/SpeedTree9/SpeedTreeBillboardMaster.uasset" 807
"../../../Engine/Plugins/Editor/SpeedTreeImporter/Content/SpeedTree9/SpeedTreeBillboardMaster.uexp" 808
"../../../Engine/Plugins/Interchange/Runtime/Content/Pipelines/DefaultAssetsPipeline.uasset" 809
"../../../Engine/Plugins/Interchange/Runtime/Content/Pipelines/DefaultAssetsPipeline.uexp" 810
"../../../Engine/Content/Functions/Engine_MaterialFunctions02/Texturing/CustomRotator.uasset" 811
"../../../Engine/Content/Functions/Engine_MaterialFunctions02/Texturing/CustomRotator.uexp" 812
"../../../Engine/Content/Functions/Engine_MaterialFunctions02/Texturing/ScreenAlignedPixelToPixelUVs.uasset" 813
"../../../Engine/Content/Functions/Engine_MaterialFunctions02/Texturing/ScreenAlignedPixelToPixelUVs.uexp" 814
"../../../Engine/Plugins/Interchange/Runtime/Content/Utilities/T_Bayer64_Grayscale_64px.uasset" 815
"../../../Engine/Plugins/Interchange/Runtime/Content/Utilities/T_Bayer64_Grayscale_64px.uexp" 816
"../../../Engine/Plugins/Interchange/Runtime/Content/gltf/MaterialFunctions/MF_Temporal_Blur.uasset" 817
"../../../Engine/Plugins/Interchange/Runtime/Content/gltf/MaterialFunctions/MF_Temporal_Blur.uexp" 818
"../../../Engine/Plugins/Interchange/Runtime/Content/gltf/MaterialFunctions/MF_Fresnel_DS.uasset" 819
"../../../Engine/Plugins/Interchange/Runtime/Content/gltf/MaterialFunctions/MF_Fresnel_DS.uexp" 820
"../../../Engine/Plugins/Interchange/Runtime/Content/Functions/MX_Transmission.uasset" 821
"../../../Engine/Plugins/Interchange/Runtime/Content/Functions/MX_Transmission.uexp" 822
"../../../Engine/Plugins/Interchange/Runtime/Content/Functions/MX_StandardSurface.uasset" 823
"../../../Engine/Plugins/Interchange/Runtime/Content/Functions/MX_StandardSurface.uexp" 824
"../../../Engine/Plugins/Interchange/Runtime/Content/Functions/MX_TransmissionSurface.uasset" 825
"../../../Engine/Plugins/Interchange/Runtime/Content/Functions/MX_TransmissionSurface.uexp" 826
"../../../Engine/Content/Functions/Engine_MaterialFunctions02/Math/AddComponents.uasset" 827
"../../../Engine/Content/Functions/Engine_MaterialFunctions02/Math/AddComponents.uexp" 828
"../../../Engine/Content/Functions/Engine_MaterialFunctions02/WorldPositionOffset/V2/ObjectScale.uasset" 829
"../../../Engine/Content/Functions/Engine_MaterialFunctions02/WorldPositionOffset/V2/ObjectScale.uexp" 830
"../../../Engine/Plugins/Interchange/Runtime/Content/gltf/MaterialFunctions/MF_TransmissionOpacity.uasset" 831
"../../../Engine/Plugins/Interchange/Runtime/Content/gltf/MaterialFunctions/MF_TransmissionOpacity.uexp" 832
"../../../Engine/Plugins/Interchange/Runtime/Content/gltf/MaterialFunctions/MF_RotateV2.uasset" 833
"../../../Engine/Plugins/Interchange/Runtime/Content/gltf/MaterialFunctions/MF_RotateV2.uexp" 834
"../../../Engine/Plugins/Interchange/Runtime/Content/gltf/MaterialFunctions/MF_TransformUVs.uasset" 835
"../../../Engine/Plugins/Interchange/Runtime/Content/gltf/MaterialFunctions/MF_TransformUVs.uexp" 836
"../../../Engine/Plugins/Interchange/Runtime/Content/gltf/Textures/T_White_srgb.uasset" 837
"../../../Engine/Plugins/Interchange/Runtime/Content/gltf/Textures/T_White_srgb.uexp" 838
"../../../Engine/Plugins/Interchange/Runtime/Content/gltf/MaterialFunctions/MF_BaseColor.uasset" 839
"../../../Engine/Plugins/Interchange/Runtime/Content/gltf/MaterialFunctions/MF_BaseColor.uexp" 840
"../../../Engine/Plugins/Interchange/Runtime/Content/gltf/MaterialFunctions/MF_DiffuseSpecGloss.uasset" 841
"../../../Engine/Plugins/Interchange/Runtime/Content/gltf/MaterialFunctions/MF_DiffuseSpecGloss.uexp" 842
"../../../Engine/Plugins/Interchange/Runtime/Content/gltf/Textures/T_White_Linear.uasset" 843
"../../../Engine/Plugins/Interchange/Runtime/Content/gltf/Textures/T_White_Linear.uexp" 844
"../../../Engine/Plugins/Interchange/Runtime/Content/gltf/MaterialFunctions/MF_MetallicRoughness.uasset" 845
"../../../Engine/Plugins/Interchange/Runtime/Content/gltf/MaterialFunctions/MF_MetallicRoughness.uexp" 846
"../../../Engine/Plugins/Interchange/Runtime/Content/gltf/MaterialFunctions/MF_Transmission.uasset" 847
"../../../Engine/Plugins/Interchange/Runtime/Content/gltf/MaterialFunctions/MF_Transmission.uexp" 848
"../../../Engine/Plugins/Interchange/Runtime/Content/gltf/MaterialFunctions/MF_Occlusion.uasset" 849
"../../../Engine/Plugins/Interchange/Runtime/Content/gltf/MaterialFunctions/MF_Occlusion.uexp" 850
"../../../Engine/Plugins/Interchange/Runtime/Content/gltf/MaterialFunctions/MF_Specular.uasset" 851
"../../../Engine/Plugins/Interchange/Runtime/Content/gltf/MaterialFunctions/MF_Specular.uexp" 852
"../../../Engine/Plugins/Interchange/Runtime/Content/gltf/MaterialFunctions/MF_IOR.uasset" 853
"../../../Engine/Plugins/Interchange/Runtime/Content/gltf/MaterialFunctions/MF_IOR.uexp" 854
"../../../Engine/Content/Functions/Engine_MaterialFunctions01/Texturing/FlattenNormal.uasset" 855
"../../../Engine/Content/Functions/Engine_MaterialFunctions01/Texturing/FlattenNormal.uexp" 856
"../../../Engine/Content/Functions/Engine_MaterialFunctions02/Math/Transform3x3Matrix.uasset" 857
"../../../Engine/Content/Functions/Engine_MaterialFunctions02/Math/Transform3x3Matrix.uexp" 858
"../../../Engine/Plugins/Interchange/Runtime/Content/gltf/MaterialFunctions/MF_RotateNormals_TS.uasset" 859
"../../../Engine/Plugins/Interchange/Runtime/Content/gltf/MaterialFunctions/MF_RotateNormals_TS.uexp" 860
"../../../Engine/Plugins/Interchange/Runtime/Content/gltf/Textures/T_Generic_N.uasset" 861
"../../../Engine/Plugins/Interchange/Runtime/Content/gltf/Textures/T_Generic_N.uexp" 862
"../../../Engine/Plugins/Interchange/Runtime/Content/gltf/MaterialFunctions/MF_Normals.uasset" 863
"../../../Engine/Plugins/Interchange/Runtime/Content/gltf/MaterialFunctions/MF_Normals.uexp" 864
"../../../Engine/Plugins/Interchange/Runtime/Content/gltf/MaterialFunctions/MF_PerceivedBrightness.uasset" 865
"../../../Engine/Plugins/Interchange/Runtime/Content/gltf/MaterialFunctions/MF_PerceivedBrightness.uexp" 866
"../../../Engine/Plugins/Interchange/Runtime/Content/gltf/MaterialFunctions/MF_SpecGlossToMetalRoughness.uasset" 867
"../../../Engine/Plugins/Interchange/Runtime/Content/gltf/MaterialFunctions/MF_SpecGlossToMetalRoughness.uexp" 868
"../../../Engine/Plugins/Interchange/Runtime/Content/gltf/M_Transmission.uasset" 869
"../../../Engine/Plugins/Interchange/Runtime/Content/gltf/M_Transmission.uexp" 870
"../../../Engine/Plugins/Interchange/Runtime/Content/gltf/MaterialInstances_MR/MI_Transmission_TS.uasset" 871
"../../../Engine/Plugins/Interchange/Runtime/Content/gltf/MaterialInstances_MR/MI_Transmission_TS.uexp" 872
"../../../Engine/Plugins/Interchange/Runtime/Content/gltf/MaterialInstances_MR/MI_Transmission.uasset" 873
"../../../Engine/Plugins/Interchange/Runtime/Content/gltf/MaterialInstances_MR/MI_Transmission.uexp" 874
"../../../Engine/Plugins/Interchange/Runtime/Content/gltf/MaterialFunctions/MF_Clearcoat.uasset" 875
"../../../Engine/Plugins/Interchange/Runtime/Content/gltf/MaterialFunctions/MF_Clearcoat.uexp" 876
"../../../Engine/Plugins/Interchange/Runtime/Content/gltf/MaterialFunctions/MF_Emissive.uasset" 877
"../../../Engine/Plugins/Interchange/Runtime/Content/gltf/MaterialFunctions/MF_Emissive.uexp" 878
"../../../Engine/Plugins/Interchange/Runtime/Content/gltf/M_Translucent.uasset" 879
"../../../Engine/Plugins/Interchange/Runtime/Content/gltf/M_Translucent.uexp" 880
"../../../Engine/Plugins/Interchange/Runtime/Content/gltf/MaterialInstances_MR/MI_Translucent_TS.uasset" 881
"../../../Engine/Plugins/Interchange/Runtime/Content/gltf/MaterialInstances_MR/MI_Translucent_TS.uexp" 882
"../../../Engine/Plugins/Interchange/Runtime/Content/gltf/MaterialInstances_MR/MI_Translucent_ClearCoat_TS.uasset" 883
"../../../Engine/Plugins/Interchange/Runtime/Content/gltf/MaterialInstances_MR/MI_Translucent_ClearCoat_TS.uexp" 884
"../../../Engine/Plugins/Interchange/Runtime/Content/gltf/MaterialInstances_MR/MI_Translucent_ClearCoat.uasset" 885
"../../../Engine/Plugins/Interchange/Runtime/Content/gltf/MaterialInstances_MR/MI_Translucent_ClearCoat.uexp" 886
"../../../Engine/Plugins/Interchange/Runtime/Content/gltf/MaterialInstances_MR/MI_Translucent.uasset" 887
"../../../Engine/Plugins/Interchange/Runtime/Content/gltf/MaterialInstances_MR/MI_Translucent.uexp" 888
"../../../Engine/Plugins/Interchange/Runtime/Content/gltf/M_Unlit.uasset" 889
"../../../Engine/Plugins/Interchange/Runtime/Content/gltf/M_Unlit.uexp" 890
"../../../Engine/Plugins/Interchange/Runtime/Content/gltf/MaterialInstances_MR/MI_Opaque_Unlit_TS.uasset" 891
"../../../Engine/Plugins/Interchange/Runtime/Content/gltf/MaterialInstances_MR/MI_Opaque_Unlit_TS.uexp" 892
"../../../Engine/Plugins/Interchange/Runtime/Content/gltf/MaterialInstances_MR/MI_Opaque_Unlit.uasset" 893
"../../../Engine/Plugins/Interchange/Runtime/Content/gltf/MaterialInstances_MR/MI_Opaque_Unlit.uexp" 894
"../../../Engine/Plugins/Interchange/Runtime/Content/gltf/M_Opaque.uasset" 895
"../../../Engine/Plugins/Interchange/Runtime/Content/gltf/M_Opaque.uexp" 896
"../../../Engine/Plugins/Interchange/Runtime/Content/gltf/MaterialInstances_MR/MI_Opaque_TS.uasset" 897
"../../../Engine/Plugins/Interchange/Runtime/Content/gltf/MaterialInstances_MR/MI_Opaque_TS.uexp" 898
"../../../Engine/Plugins/Interchange/Runtime/Content/gltf/MaterialFunctions/MF_Sheen.uasset" 899
"../../../Engine/Plugins/Interchange/Runtime/Content/gltf/MaterialFunctions/MF_Sheen.uexp" 900
"../../../Engine/Content/Functions/Engine_MaterialFunctions01/Shading/FuzzyShading.uasset" 901
"../../../Engine/Content/Functions/Engine_MaterialFunctions01/Shading/FuzzyShading.uexp" 902
"../../../Engine/Plugins/Interchange/Runtime/Content/gltf/M_Sheen.uasset" 903
"../../../Engine/Plugins/Interchange/Runtime/Content/gltf/M_Sheen.uexp" 904
"../../../Engine/Plugins/Interchange/Runtime/Content/gltf/MaterialInstances_MR/MI_Opaque_Sheen_TS.uasset" 905
"../../../Engine/Plugins/Interchange/Runtime/Content/gltf/MaterialInstances_MR/MI_Opaque_Sheen_TS.uexp" 906
"../../../Engine/Plugins/Interchange/Runtime/Content/gltf/MaterialInstances_MR/MI_Opaque_Sheen.uasset" 907
"../../../Engine/Plugins/Interchange/Runtime/Content/gltf/MaterialInstances_MR/MI_Opaque_Sheen.uexp" 908
"../../../Engine/Plugins/Interchange/Runtime/Content/gltf/MaterialInstances_MR/MI_Opaque_ClearCoat_TS.uasset" 909
"../../../Engine/Plugins/Interchange/Runtime/Content/gltf/MaterialInstances_MR/MI_Opaque_ClearCoat_TS.uexp" 910
"../../../Engine/Plugins/Interchange/Runtime/Content/gltf/MaterialInstances_MR/MI_Opaque_ClearCoat.uasset" 911
"../../../Engine/Plugins/Interchange/Runtime/Content/gltf/MaterialInstances_MR/MI_Opaque_ClearCoat.uexp" 912
"../../../Engine/Plugins/Interchange/Runtime/Content/gltf/MaterialInstances_MR/MI_Opaque.uasset" 913
"../../../Engine/Plugins/Interchange/Runtime/Content/gltf/MaterialInstances_MR/MI_Opaque.uexp" 914
"../../../Engine/Plugins/Interchange/Runtime/Content/gltf/MaterialInstances_SG/MI_Transmission_TS.uasset" 915
"../../../Engine/Plugins/Interchange/Runtime/Content/gltf/MaterialInstances_SG/MI_Transmission_TS.uexp" 916
"../../../Engine/Plugins/Interchange/Runtime/Content/gltf/MaterialInstances_SG/MI_Transmission.uasset" 917
"../../../Engine/Plugins/Interchange/Runtime/Content/gltf/MaterialInstances_SG/MI_Transmission.uexp" 918
"../../../Engine/Plugins/Interchange/Runtime/Content/gltf/MaterialInstances_SG/MI_Translucent_TS.uasset" 919
"../../../Engine/Plugins/Interchange/Runtime/Content/gltf/MaterialInstances_SG/MI_Translucent_TS.uexp" 920
"../../../Engine/Plugins/Interchange/Runtime/Content/gltf/MaterialInstances_SG/MI_Translucent_ClearCoat_TS.uasset" 921
"../../../Engine/Plugins/Interchange/Runtime/Content/gltf/MaterialInstances_SG/MI_Translucent_ClearCoat_TS.uexp" 922
"../../../Engine/Plugins/Interchange/Runtime/Content/gltf/MaterialInstances_SG/MI_Translucent_ClearCoat.uasset" 923
"../../../Engine/Plugins/Interchange/Runtime/Content/gltf/MaterialInstances_SG/MI_Translucent_ClearCoat.uexp" 924
"../../../Engine/Plugins/Interchange/Runtime/Content/gltf/MaterialInstances_SG/MI_Translucent.uasset" 925
"../../../Engine/Plugins/Interchange/Runtime/Content/gltf/MaterialInstances_SG/MI_Translucent.uexp" 926
"../../../Engine/Plugins/Interchange/Runtime/Content/gltf/MaterialInstances_SG/MI_Opaque_TS.uasset" 927
"../../../Engine/Plugins/Interchange/Runtime/Content/gltf/MaterialInstances_SG/MI_Opaque_TS.uexp" 928
"../../../Engine/Plugins/Interchange/Runtime/Content/gltf/MaterialInstances_SG/MI_Opaque_Sheen_TS.uasset" 929
"../../../Engine/Plugins/Interchange/Runtime/Content/gltf/MaterialInstances_SG/MI_Opaque_Sheen_TS.uexp" 930
"../../../Engine/Plugins/Interchange/Runtime/Content/gltf/MaterialInstances_SG/MI_Opaque_Sheen.uasset" 931
"../../../Engine/Plugins/Interchange/Runtime/Content/gltf/MaterialInstances_SG/MI_Opaque_Sheen.uexp" 932
"../../../Engine/Plugins/Interchange/Runtime/Content/gltf/MaterialInstances_SG/MI_Opaque_ClearCoat_TS.uasset" 933
"../../../Engine/Plugins/Interchange/Runtime/Content/gltf/MaterialInstances_SG/MI_Opaque_ClearCoat_TS.uexp" 934
"../../../Engine/Plugins/Interchange/Runtime/Content/gltf/MaterialInstances_SG/MI_Opaque_ClearCoat.uasset" 935
"../../../Engine/Plugins/Interchange/Runtime/Content/gltf/MaterialInstances_SG/MI_Opaque_ClearCoat.uexp" 936
"../../../Engine/Plugins/Interchange/Runtime/Content/gltf/MaterialInstances_SG/MI_Opaque.uasset" 937
"../../../Engine/Plugins/Interchange/Runtime/Content/gltf/MaterialInstances_SG/MI_Opaque.uexp" 938
"../../../Engine/Plugins/Interchange/Runtime/Content/gltf/Textures/T_Gray_Linear.uasset" 939
"../../../Engine/Plugins/Interchange/Runtime/Content/gltf/Textures/T_Gray_Linear.uexp" 940
"D:/learning/ue5/MyProject/Content/FirstPerson/Blueprints/BP_FirstPersonGameMode.uasset" 941
"D:/learning/ue5/MyProject/Content/FirstPerson/Blueprints/BP_FirstPersonGameMode.uexp" 942
"../../../Engine/Content/Maps/Templates/HLODs/HLODLayer_Instanced.uasset" 943
"../../../Engine/Content/Maps/Templates/HLODs/HLODLayer_Instanced.uexp" 944
"D:/learning/ue5/MyProject/Content/NewWidgetBlueprint.uasset" 945
"D:/learning/ue5/MyProject/Content/NewWidgetBlueprint.uexp" 946
"D:/learning/ue5/MyProject/Content/FirstPerson/Maps/FirstPersonMap.uexp" 947
"D:/learning/ue5/MyProject/Content/FirstPerson/Maps/FirstPersonMap.umap" 948
"../../../Engine/Content/Maps/Entry_BuiltData.uasset" 949
"../../../Engine/Content/Maps/Entry_BuiltData.uexp" 950
"../../../Engine/Content/Maps/Entry.uexp" 951
"../../../Engine/Content/Maps/Entry.umap" 952
